<?xml version="1.0" encoding="UTF-8"?>
<testsuite xmlns:xsi="http://www.w3.org/2001/XMLSchema-instance" xsi:noNamespaceSchemaLocation="https://maven.apache.org/surefire/maven-surefire-plugin/xsd/surefire-test-report-3.0.xsd" version="3.0" name="com.airtribe.chronos.gateway.ApiGatewayApplicationTest" time="2.335" tests="5" errors="0" skipped="0" failures="0">
  <properties>
[...]
</properties>
  <testcase name="protectedRouteWithoutTokenIs401" classname="com.airtribe.chronos.gateway.ApiGatewayApplicationTest" time="0.535">
    <system-out><![CDATA[00:47:56.915 [main] INFO org.springframework.test.context.support.AnnotationConfigContextLoaderUtils -- Could not detect default configuration classes for test class [com.airtribe.chronos.gateway.ApiGatewayApplicationTest]: ApiGatewayApplicationTest does not declare any static, non-private, non-final, nested classes annotated with @Configuration.
00:47:56.962 [main] INFO org.springframework.boot.test.context.SpringBootTestContextBootstrapper -- Found @SpringBootConfiguration com.airtribe.chronos.gateway.ApiGatewayApplication for test class com.airtribe.chronos.gateway.ApiGatewayApplicationTest

  .   ____          _            __ _ _
 /\\ / ___'_ __ _ _(_)_ __  __ _ \ \ \ \
( ( )\___ | '_ | '_| | '_ \/ _` | \ \ \ \
 \\/  ___)| |_)| | | | | || (_| |  ) ) ) )
  '  |____| .__|_| |_|_| |_\__, | / / / /
 =========|_|==============|___/=/_/_/_/

 :: Spring Boot ::                (v3.3.4)

{"ts":"2026-04-23T00:47:57.202+05:30","level":"INFO","logger":"o.h.validator.internal.util.Version","corr":"","msg":"HV000001: Hibernate Validator 8.0.1.Final"}
{"ts":"2026-04-23T00:47:57.224+05:30","level":"INFO","logger":"c.a.c.g.ApiGatewayApplicationTest","corr":"","msg":"Starting ApiGatewayApplicationTest using Java 21.0.6 with PID 19785 (started by sameergupta in /Users/sameergupta/Documents/GitHub/Chronous Project/api-gateway)"}
{"ts":"2026-04-23T00:47:57.224+05:30","level":"INFO","logger":"c.a.c.g.ApiGatewayApplicationTest","corr":"","msg":"The following 1 profile is active: \"test\""}
{"ts":"2026-04-23T00:47:57.661+05:30","level":"INFO","logger":"o.s.cloud.context.scope.GenericScope","corr":"","msg":"BeanFactory id=39d376ec-ed91-352f-9c2c-6bddd6bda3f4"}
{"ts":"2026-04-23T00:47:58.060+05:30","level":"INFO","logger":"o.s.c.g.r.RouteDefinitionRouteLocator","corr":"","msg":"Loaded RoutePredicateFactory [After]"}
{"ts":"2026-04-23T00:47:58.060+05:30","level":"INFO","logger":"o.s.c.g.r.RouteDefinitionRouteLocator","corr":"","msg":"Loaded RoutePredicateFactory [Before]"}
{"ts":"2026-04-23T00:47:58.060+05:30","level":"INFO","logger":"o.s.c.g.r.RouteDefinitionRouteLocator","corr":"","msg":"Loaded RoutePredicateFactory [Between]"}
{"ts":"2026-04-23T00:47:58.060+05:30","level":"INFO","logger":"o.s.c.g.r.RouteDefinitionRouteLocator","corr":"","msg":"Loaded RoutePredicateFactory [Cookie]"}
{"ts":"2026-04-23T00:47:58.060+05:30","level":"INFO","logger":"o.s.c.g.r.RouteDefinitionRouteLocator","corr":"","msg":"Loaded RoutePredicateFactory [Header]"}
{"ts":"2026-04-23T00:47:58.060+05:30","level":"INFO","logger":"o.s.c.g.r.RouteDefinitionRouteLocator","corr":"","msg":"Loaded RoutePredicateFactory [Host]"}
{"ts":"2026-04-23T00:47:58.060+05:30","level":"INFO","logger":"o.s.c.g.r.RouteDefinitionRouteLocator","corr":"","msg":"Loaded RoutePredicateFactory [Method]"}
{"ts":"2026-04-23T00:47:58.060+05:30","level":"INFO","logger":"o.s.c.g.r.RouteDefinitionRouteLocator","corr":"","msg":"Loaded RoutePredicateFactory [Path]"}
{"ts":"2026-04-23T00:47:58.060+05:30","level":"INFO","logger":"o.s.c.g.r.RouteDefinitionRouteLocator","corr":"","msg":"Loaded RoutePredicateFactory [Query]"}
{"ts":"2026-04-23T00:47:58.060+05:30","level":"INFO","logger":"o.s.c.g.r.RouteDefinitionRouteLocator","corr":"","msg":"Loaded RoutePredicateFactory [ReadBody]"}
{"ts":"2026-04-23T00:47:58.060+05:30","level":"INFO","logger":"o.s.c.g.r.RouteDefinitionRouteLocator","corr":"","msg":"Loaded RoutePredicateFactory [RemoteAddr]"}
{"ts":"2026-04-23T00:47:58.060+05:30","level":"INFO","logger":"o.s.c.g.r.RouteDefinitionRouteLocator","corr":"","msg":"Loaded RoutePredicateFactory [XForwardedRemoteAddr]"}
{"ts":"2026-04-23T00:47:58.060+05:30","level":"INFO","logger":"o.s.c.g.r.RouteDefinitionRouteLocator","corr":"","msg":"Loaded RoutePredicateFactory [Weight]"}
{"ts":"2026-04-23T00:47:58.060+05:30","level":"INFO","logger":"o.s.c.g.r.RouteDefinitionRouteLocator","corr":"","msg":"Loaded RoutePredicateFactory [CloudFoundryRouteService]"}
{"ts":"2026-04-23T00:47:58.172+05:30","level":"INFO","logger":"o.s.b.a.e.web.EndpointLinksResolver","corr":"","msg":"Exposing 3 endpoints beneath base path '/actuator'"}
{"ts":"2026-04-23T00:47:58.427+05:30","level":"INFO","logger":"o.s.b.w.e.netty.NettyWebServer","corr":"","msg":"Netty started on port 58435 (http)"}
{"ts":"2026-04-23T00:47:58.474+05:30","level":"INFO","logger":"c.a.c.g.ApiGatewayApplicationTest","corr":"","msg":"Started ApiGatewayApplicationTest in 1.455 seconds (process running for 1.916)"}
{"ts":"2026-04-23T00:47:58.919+05:30","level":"ERROR","logger":"i.n.r.d.DnsServerAddressStreamProviders","corr":"","msg":"Unable to load io.netty.resolver.dns.macos.MacOSDnsServerAddressStreamProvider, fallback to system defaults. This may result in incorrect DNS resolutions on MacOS. Check whether you have a dependency on 'io.netty:netty-resolver-dns-native-macos'. Use DEBUG level to see the full stack: java.lang.UnsatisfiedLinkError: failed to load the required native library"}
]]></system-out>
    <system-err><![CDATA[WARNING: A Java agent has been loaded dynamically (/Users/sameergupta/.m2/repository/net/bytebuddy/byte-buddy-agent/1.14.19/byte-buddy-agent-1.14.19.jar)
WARNING: If a serviceability tool is in use, please run with -XX:+EnableDynamicAgentLoading to hide this warning
WARNING: If a serviceability tool is not in use, please run with -Djdk.instrument.traceUsage for more information
WARNING: Dynamic loading of agents will be disallowed by default in a future release
]]></system-err>
  </testcase>
  <testcase name="protectedRouteWithInvalidTokenIs401" classname="com.airtribe.chronos.gateway.ApiGatewayApplicationTest" time="0.027"/>
  <testcase name="validTokenPassesAuthFilter" classname="com.airtribe.chronos.gateway.ApiGatewayApplicationTest" time="0.089">
    <system-out><![CDATA[{"ts":"2026-04-23T00:47:59.112+05:30","level":"ERROR","logger":"o.s.b.a.w.r.e.AbstractErrorWebExceptionHandler","corr":"","msg":"[c68067bc-3]  500 Server Error for HTTP GET \"/api/v1/jobs/anything\""}
io.netty.channel.AbstractChannel$AnnotatedConnectException: Connection refused: localhost/127.0.0.1:8082
	Suppressed: reactor.core.publisher.FluxOnAssembly$OnAssemblyException: 
Error has been observed at the following site(s):
	*__checkpoint ⇢ org.springframework.cloud.gateway.filter.WeightCalculatorWebFilter [DefaultWebFilterChain]
	*__checkpoint ⇢ HTTP GET "/api/v1/jobs/anything" [ExceptionHandlingWebHandler]
Original Stack Trace:
Caused by: java.net.ConnectException: Connection refused
	at java.base/sun.nio.ch.Net.pollConnect(Native Method)
	at java.base/sun.nio.ch.Net.pollConnectNow(Net.java:682)
	at java.base/sun.nio.ch.SocketChannelImpl.finishConnect(SocketChannelImpl.java:973)
	at io.netty.channel.socket.nio.NioSocketChannel.doFinishConnect(NioSocketChannel.java:336)
	at io.netty.channel.nio.AbstractNioChannel$AbstractNioUnsafe.finishConnect(AbstractNioChannel.java:339)
	at io.netty.channel.nio.NioEventLoop.processSelectedKey(NioEventLoop.java:776)
	at io.netty.channel.nio.NioEventLoop.processSelectedKeysOptimized(NioEventLoop.java:724)
	at io.netty.channel.nio.NioEventLoop.processSelectedKeys(NioEventLoop.java:650)
	at io.netty.channel.nio.NioEventLoop.run(NioEventLoop.java:562)
	at io.netty.util.concurrent.SingleThreadEventExecutor$4.run(SingleThreadEventExecutor.java:997)
	at io.netty.util.internal.ThreadExecutorMap$2.run(ThreadExecutorMap.java:74)
	at io.netty.util.concurrent.FastThreadLocalRunnable.run(FastThreadLocalRunnable.java:30)
	at java.base/java.lang.Thread.run(Thread.java:1583)
]]></system-out>
  </testcase>
  <testcase name="authPathBypassesJwtFilter" classname="com.airtribe.chronos.gateway.ApiGatewayApplicationTest" time="0.008">
    <system-out><![CDATA[{"ts":"2026-04-23T00:47:59.134+05:30","level":"ERROR","logger":"o.s.b.a.w.r.e.AbstractErrorWebExceptionHandler","corr":"","msg":"[c68067bc-4]  500 Server Error for HTTP GET \"/api/v1/auth/login\""}
io.netty.channel.AbstractChannel$AnnotatedConnectException: Connection refused: localhost/127.0.0.1:8081
	Suppressed: reactor.core.publisher.FluxOnAssembly$OnAssemblyException: 
Error has been observed at the following site(s):
	*__checkpoint ⇢ org.springframework.cloud.gateway.filter.WeightCalculatorWebFilter [DefaultWebFilterChain]
	*__checkpoint ⇢ HTTP GET "/api/v1/auth/login" [ExceptionHandlingWebHandler]
Original Stack Trace:
Caused by: java.net.ConnectException: Connection refused
	at java.base/sun.nio.ch.Net.pollConnect(Native Method)
	at java.base/sun.nio.ch.Net.pollConnectNow(Net.java:682)
	at java.base/sun.nio.ch.SocketChannelImpl.finishConnect(SocketChannelImpl.java:973)
	at io.netty.channel.socket.nio.NioSocketChannel.doFinishConnect(NioSocketChannel.java:336)
	at io.netty.channel.nio.AbstractNioChannel$AbstractNioUnsafe.finishConnect(AbstractNioChannel.java:339)
	at io.netty.channel.nio.NioEventLoop.processSelectedKey(NioEventLoop.java:776)
	at io.netty.channel.nio.NioEventLoop.processSelectedKeysOptimized(NioEventLoop.java:724)
	at io.netty.channel.nio.NioEventLoop.processSelectedKeys(NioEventLoop.java:650)
	at io.netty.channel.nio.NioEventLoop.run(NioEventLoop.java:562)
	at io.netty.util.concurrent.SingleThreadEventExecutor$4.run(SingleThreadEventExecutor.java:997)
	at io.netty.util.internal.ThreadExecutorMap$2.run(ThreadExecutorMap.java:74)
	at io.netty.util.concurrent.FastThreadLocalRunnable.run(FastThreadLocalRunnable.java:30)
	at java.base/java.lang.Thread.run(Thread.java:1583)
]]></system-out>
  </testcase>
  <testcase name="healthEndpointIsPublic" classname="com.airtribe.chronos.gateway.ApiGatewayApplicationTest" time="0.031"/>
</testsuite>