<?xml version="1.0" encoding="UTF-8"?>
<testsuite xmlns:xsi="http://www.w3.org/2001/XMLSchema-instance" xsi:noNamespaceSchemaLocation="https://maven.apache.org/surefire/maven-failsafe-plugin/xsd/failsafe-test-report-3.0.xsd" version="3.0" name="com.airtribe.chronos.scheduler.SchedulerFlowIT" time="5.443" tests="1" errors="0" skipped="0" failures="0">
  <properties>
[...]
</properties>
  <testcase name="jobCreatedThenScannerEmitsJobDue" classname="com.airtribe.chronos.scheduler.SchedulerFlowIT" time="1.227">
    <system-out><![CDATA[00:47:31.469 [main] INFO org.springframework.test.context.support.AnnotationConfigContextLoaderUtils -- Could not detect default configuration classes for test class [com.airtribe.chronos.scheduler.SchedulerFlowIT]: SchedulerFlowIT does not declare any static, non-private, non-final, nested classes annotated with @Configuration.
00:47:31.513 [main] INFO org.springframework.boot.test.context.SpringBootTestContextBootstrapper -- Found @SpringBootConfiguration com.airtribe.chronos.scheduler.SchedulerServiceApplication for test class com.airtribe.chronos.scheduler.SchedulerFlowIT

  .   ____          _            __ _ _
 /\\ / ___'_ __ _ _(_)_ __  __ _ \ \ \ \
( ( )\___ | '_ | '_| | '_ \/ _` | \ \ \ \
 \\/  ___)| |_)| | | | | || (_| |  ) ) ) )
  '  |____| .__|_| |_|_| |_\__, | / / / /
 =========|_|==============|___/=/_/_/_/

 :: Spring Boot ::                (v3.3.4)

{"ts":"2026-04-23T00:47:31.725+05:30","level":"INFO","logger":"o.h.validator.internal.util.Version","corr":"","msg":"HV000001: Hibernate Validator 8.0.1.Final"}
{"ts":"2026-04-23T00:47:31.822+05:30","level":"INFO","logger":"k.utils.Log4jControllerRegistration$","corr":"","msg":"Registered kafka:type=kafka.Log4jController MBean"}
{"ts":"2026-04-23T00:47:31.848+05:30","level":"INFO","logger":"o.a.zookeeper.server.ZooKeeperServer","corr":"","msg":""}
{"ts":"2026-04-23T00:47:31.848+05:30","level":"INFO","logger":"o.a.zookeeper.server.ZooKeeperServer","corr":"","msg":"  ______                  _                                          "}
{"ts":"2026-04-23T00:47:31.848+05:30","level":"INFO","logger":"o.a.zookeeper.server.ZooKeeperServer","corr":"","msg":" |___  /                 | |                                         "}
{"ts":"2026-04-23T00:47:31.848+05:30","level":"INFO","logger":"o.a.zookeeper.server.ZooKeeperServer","corr":"","msg":"    / /    ___     ___   | | __   ___    ___   _ __     ___   _ __   "}
{"ts":"2026-04-23T00:47:31.848+05:30","level":"INFO","logger":"o.a.zookeeper.server.ZooKeeperServer","corr":"","msg":"   / /    / _ \   / _ \  | |/ /  / _ \  / _ \ | '_ \   / _ \ | '__|"}
{"ts":"2026-04-23T00:47:31.848+05:30","level":"INFO","logger":"o.a.zookeeper.server.ZooKeeperServer","corr":"","msg":"  / /__  | (_) | | (_) | |   <  |  __/ |  __/ | |_) | |  __/ | |    "}
{"ts":"2026-04-23T00:47:31.848+05:30","level":"INFO","logger":"o.a.zookeeper.server.ZooKeeperServer","corr":"","msg":" /_____|  \___/   \___/  |_|\_\  \___|  \___| | .__/   \___| |_|"}
{"ts":"2026-04-23T00:47:31.848+05:30","level":"INFO","logger":"o.a.zookeeper.server.ZooKeeperServer","corr":"","msg":"                                              | |                     "}
{"ts":"2026-04-23T00:47:31.848+05:30","level":"INFO","logger":"o.a.zookeeper.server.ZooKeeperServer","corr":"","msg":"                                              |_|                     "}
{"ts":"2026-04-23T00:47:31.848+05:30","level":"INFO","logger":"o.a.zookeeper.server.ZooKeeperServer","corr":"","msg":""}
{"ts":"2026-04-23T00:47:31.857+05:30","level":"INFO","logger":"o.a.zookeeper.server.ZooKeeperServer","corr":"","msg":"Server environment:zookeeper.version=3.8.4-9316c2a7a97e1666d8f4593f34dd6fc36ecc436c, built on 2024-02-12 22:16 UTC"}
{"ts":"2026-04-23T00:47:31.857+05:30","level":"INFO","logger":"o.a.zookeeper.server.ZooKeeperServer","corr":"","msg":"Server environment:host.name=localhost"}
{"ts":"2026-04-23T00:47:31.857+05:30","level":"INFO","logger":"o.a.zookeeper.server.ZooKeeperServer","corr":"","msg":"Server environment:java.version=21.0.6"}
{"ts":"2026-04-23T00:47:31.857+05:30","level":"INFO","logger":"o.a.zookeeper.server.ZooKeeperServer","corr":"","msg":"Server environment:java.vendor=Eclipse Adoptium"}
{"ts":"2026-04-23T00:47:31.857+05:30","level":"INFO","logger":"o.a.zookeeper.server.ZooKeeperServer","corr":"","msg":"Server environment:java.home=/Users/sameergupta/.sdkman/candidates/java/21.0.6-tem"}
{"ts":"2026-04-23T00:47:31.857+05:30","level":"INFO","logger":"o.a.zookeeper.server.ZooKeeperServer","corr":"","msg":"Server environment:java.class.path=/Users/sameergupta/Documents/GitHub/Chronous Project/scheduler-service/target/test-classes:/Users/sameergupta/Documents/GitHub/Chronous Project/scheduler-service/target/classes:/Users/sameergupta/Documents/GitHub/Chronous Project/platform-commons/target/platform-commons-1.0.0-SNAPSHOT.jar:/Users/sameergupta/.m2/repository/org/springframework/boot/spring-boot-starter-validation/3.3.4/spring-boot-starter-validation-3.3.4.jar:/Users/sameergupta/.m2/repository/org/apache/tomcat/embed/tomcat-embed-el/10.1.30/tomcat-embed-el-10.1.30.jar:/Users/sameergupta/.m2/repository/org/hibernate/validator/hibernate-validator/8.0.1.Final/hibernate-validator-8.0.1.Final.jar:/Users/sameergupta/.m2/repository/jakarta/validation/jakarta.validation-api/3.0.2/jakarta.validation-api-3.0.2.jar:/Users/sameergupta/.m2/repository/com/fasterxml/jackson/datatype/jackson-datatype-jsr310/2.17.2/jackson-datatype-jsr310-2.17.2.jar:/Users/sameergupta/.m2/repository/com/fasterxml/jackson/core/jackson-annotations/2.17.2/jackson-annotations-2.17.2.jar:/Users/sameergupta/.m2/repository/com/fasterxml/jackson/core/jackson-core/2.17.2/jackson-core-2.17.2.jar:/Users/sameergupta/.m2/repository/com/fasterxml/jackson/core/jackson-databind/2.17.2/jackson-databind-2.17.2.jar:/Users/sameergupta/.m2/repository/io/jsonwebtoken/jjwt-api/0.12.6/jjwt-api-0.12.6.jar:/Users/sameergupta/.m2/repository/io/jsonwebtoken/jjwt-impl/0.12.6/jjwt-impl-0.12.6.jar:/Users/sameergupta/.m2/repository/io/jsonwebtoken/jjwt-jackson/0.12.6/jjwt-jackson-0.12.6.jar:/Users/sameergupta/.m2/repository/org/slf4j/slf4j-api/2.0.16/slf4j-api-2.0.16.jar:/Users/sameergupta/.m2/repository/org/springframework/boot/spring-boot-starter/3.3.4/spring-boot-starter-3.3.4.jar:/Users/sameergupta/.m2/repository/org/springframework/boot/spring-boot/3.3.4/spring-boot-3.3.4.jar:/Users/sameergupta/.m2/repository/org/springframework/boot/spring-boot-autoconfigure/3.3.4/spring-boot-autoconfigure-3.3.4.jar:/Users/sameergupta/.m2/repository/org/springframework/boot/spring-boot-starter-logging/3.3.4/spring-boot-starter-logging-3.3.4.jar:/Users/sameergupta/.m2/repository/ch/qos/logback/logback-classic/1.5.8/logback-classic-1.5.8.jar:/Users/sameergupta/.m2/repository/org/apache/logging/log4j/log4j-to-slf4j/2.23.1/log4j-to-slf4j-2.23.1.jar:/Users/sameergupta/.m2/repository/org/apache/logging/log4j/log4j-api/2.23.1/log4j-api-2.23.1.jar:/Users/sameergupta/.m2/repository/org/slf4j/jul-to-slf4j/2.0.16/jul-to-slf4j-2.0.16.jar:/Users/sameergupta/.m2/repository/jakarta/annotation/jakarta.annotation-api/2.1.1/jakarta.annotation-api-2.1.1.jar:/Users/sameergupta/.m2/repository/org/springframework/spring-core/6.1.13/spring-core-6.1.13.jar:/Users/sameergupta/.m2/repository/org/springframework/spring-jcl/6.1.13/spring-jcl-6.1.13.jar:/Users/sameergupta/.m2/repository/org/yaml/snakeyaml/2.2/snakeyaml-2.2.jar:/Users/sameergupta/.m2/repository/org/springframework/boot/spring-boot-starter-data-jpa/3.3.4/spring-boot-starter-data-jpa-3.3.4.jar:/Users/sameergupta/.m2/repository/org/springframework/boot/spring-boot-starter-aop/3.3.4/spring-boot-starter-aop-3.3.4.jar:/Users/sameergupta/.m2/repository/org/springframework/spring-aop/6.1.13/spring-aop-6.1.13.jar:/Users/sameergupta/.m2/repository/org/aspectj/aspectjweaver/1.9.22.1/aspectjweaver-1.9.22.1.jar:/Users/sameergupta/.m2/repository/org/springframework/boot/spring-boot-starter-jdbc/3.3.4/spring-boot-starter-jdbc-3.3.4.jar:/Users/sameergupta/.m2/repository/com/zaxxer/HikariCP/5.1.0/HikariCP-5.1.0.jar:/Users/sameergupta/.m2/repository/org/springframework/spring-jdbc/6.1.13/spring-jdbc-6.1.13.jar:/Users/sameergupta/.m2/repository/org/hibernate/orm/hibernate-core/6.5.3.Final/hibernate-core-6.5.3.Final.jar:/Users/sameergupta/.m2/repository/jakarta/persistence/jakarta.persistence-api/3.1.0/jakarta.persistence-api-3.1.0.jar:/Users/sameergupta/.m2/repository/jakarta/transaction/jakarta.transaction-api/2.0.1/jakarta.transaction-api-2.0.1.jar:/Users/sameergupta/.m2/repository/org/jboss/logging/jboss-logging/3.5.3.Final/jboss-logging-3.5.3.Final.jar:/Users/sameergupta/.m2/repository/org/hibernate/common/hibernate-commons-annotations/6.0.6.Final/hibernate-commons-annotations-6.0.6.Final.jar:/Users/sameergupta/.m2/repository/io/smallrye/jandex/3.1.2/jandex-3.1.2.jar:/Users/sameergupta/.m2/repository/com/fasterxml/classmate/1.7.0/classmate-1.7.0.jar:/Users/sameergupta/.m2/repository/net/bytebuddy/byte-buddy/1.14.19/byte-buddy-1.14.19.jar:/Users/sameergupta/.m2/repository/org/glassfish/jaxb/jaxb-runtime/4.0.5/jaxb-runtime-4.0.5.jar:/Users/sameergupta/.m2/repository/org/glassfish/jaxb/jaxb-core/4.0.5/jaxb-core-4.0.5.jar:/Users/sameergupta/.m2/repository/org/eclipse/angus/angus-activation/2.0.2/angus-activation-2.0.2.jar:/Users/sameergupta/.m2/repository/org/glassfish/jaxb/txw2/4.0.5/txw2-4.0.5.jar:/Users/sameergupta/.m2/repository/com/sun/istack/istack-commons-runtime/4.1.2/istack-commons-runtime-4.1.2.jar:/Users/sameergupta/.m2/repository/jakarta/inject/jakarta.inject-api/2.0.1/jakarta.inject-api-2.0.1.jar:/Users/sameergupta/.m2/repository/org/antlr/antlr4-runtime/4.13.0/antlr4-runtime-4.13.0.jar:/Users/sameergupta/.m2/repository/org/springframework/data/spring-data-jpa/3.3.4/spring-data-jpa-3.3.4.jar:/Users/sameergupta/.m2/repository/org/springframework/data/spring-data-commons/3.3.4/spring-data-commons-3.3.4.jar:/Users/sameergupta/.m2/repository/org/springframework/spring-orm/6.1.13/spring-orm-6.1.13.jar:/Users/sameergupta/.m2/repository/org/springframework/spring-beans/6.1.13/spring-beans-6.1.13.jar:/Users/sameergupta/.m2/repository/org/springframework/spring-aspects/6.1.13/spring-aspects-6.1.13.jar:/Users/sameergupta/.m2/repository/org/springframework/boot/spring-boot-starter-actuator/3.3.4/spring-boot-starter-actuator-3.3.4.jar:/Users/sameergupta/.m2/repository/org/springframework/boot/spring-boot-actuator-autoconfigure/3.3.4/spring-boot-actuator-autoconfigure-3.3.4.jar:/Users/sameergupta/.m2/repository/org/springframework/boot/spring-boot-actuator/3.3.4/spring-boot-actuator-3.3.4.jar:/Users/sameergupta/.m2/repository/io/micrometer/micrometer-observation/1.13.4/micrometer-observation-1.13.4.jar:/Users/sameergupta/.m2/repository/io/micrometer/micrometer-commons/1.13.4/micrometer-commons-1.13.4.jar:/Users/sameergupta/.m2/repository/io/micrometer/micrometer-jakarta9/1.13.4/micrometer-jakarta9-1.13.4.jar:/Users/sameergupta/.m2/repository/org/springframework/boot/spring-boot-starter-web/3.3.4/spring-boot-starter-web-3.3.4.jar:/Users/sameergupta/.m2/repository/org/springframework/boot/spring-boot-starter-json/3.3.4/spring-boot-starter-json-3.3.4.jar:/Users/sameergupta/.m2/repository/com/fasterxml/jackson/datatype/jackson-datatype-jdk8/2.17.2/jackson-datatype-jdk8-2.17.2.jar:/Users/sameergupta/.m2/repository/com/fasterxml/jackson/module/jackson-module-parameter-names/2.17.2/jackson-module-parameter-names-2.17.2.jar:/Users/sameergupta/.m2/repository/org/springframework/boot/spring-boot-starter-tomcat/3.3.4/spring-boot-starter-tomcat-3.3.4.jar:/Users/sameergupta/.m2/repository/org/apache/tomcat/embed/tomcat-embed-core/10.1.30/tomcat-embed-core-10.1.30.jar:/Users/sameergupta/.m2/repository/org/apache/tomcat/embed/tomcat-embed-websocket/10.1.30/tomcat-embed-websocket-10.1.30.jar:/Users/sameergupta/.m2/repository/org/springframework/spring-web/6.1.13/spring-web-6.1.13.jar:/Users/sameergupta/.m2/repository/org/springframework/spring-webmvc/6.1.13/spring-webmvc-6.1.13.jar:/Users/sameergupta/.m2/repository/org/springframework/spring-expression/6.1.13/spring-expression-6.1.13.jar:/Users/sameergupta/.m2/repository/org/springframework/kafka/spring-kafka/3.2.4/spring-kafka-3.2.4.jar:/Users/sameergupta/.m2/repository/org/springframework/spring-context/6.1.13/spring-context-6.1.13.jar:/Users/sameergupta/.m2/repository/org/springframework/spring-messaging/6.1.13/spring-messaging-6.1.13.jar:/Users/sameergupta/.m2/repository/org/springframework/spring-tx/6.1.13/spring-tx-6.1.13.jar:/Users/sameergupta/.m2/repository/org/springframework/retry/spring-retry/2.0.9/spring-retry-2.0.9.jar:/Users/sameergupta/.m2/repository/org/apache/kafka/kafka-clients/3.7.1/kafka-clients-3.7.1.jar:/Users/sameergupta/.m2/repository/com/github/luben/zstd-jni/1.5.6-3/zstd-jni-1.5.6-3.jar:/Users/sameergupta/.m2/repository/org/lz4/lz4-java/1.8.0/lz4-java-1.8.0.jar:/Users/sameergupta/.m2/repository/org/xerial/snappy/snappy-java/1.1.10.5/snappy-java-1.1.10.5.jar:/Users/sameergupta/.m2/repository/org/flywaydb/flyway-core/10.10.0/flyway-core-10.10.0.jar:/Users/sameergupta/.m2/repository/com/fasterxml/jackson/dataformat/jackson-dataformat-toml/2.17.2/jackson-dataformat-toml-2.17.2.jar:/Users/sameergupta/.m2/repository/com/google/code/gson/gson/2.10.1/gson-2.10.1.jar:/Users/sameergupta/.m2/repository/org/flywaydb/flyway-database-postgresql/10.10.0/flyway-database-postgresql-10.10.0.jar:/Users/sameergupta/.m2/repository/org/postgresql/postgresql/42.7.4/postgresql-42.7.4.jar:/Users/sameergupta/.m2/repository/org/checkerframework/checker-qual/3.42.0/checker-qual-3.42.0.jar:/Users/sameergupta/.m2/repository/io/micrometer/micrometer-registry-prometheus/1.13.4/micrometer-registry-prometheus-1.13.4.jar:/Users/sameergupta/.m2/repository/io/micrometer/micrometer-core/1.13.4/micrometer-core-1.13.4.jar:/Users/sameergupta/.m2/repository/org/hdrhistogram/HdrHistogram/2.2.2/HdrHistogram-2.2.2.jar:/Users/sameergupta/.m2/repository/org/latencyutils/LatencyUtils/2.0.3/LatencyUtils-2.0.3.jar:/Users/sameergupta/.m2/repository/io/prometheus/prometheus-metrics-core/1.2.1/prometheus-metrics-core-1.2.1.jar:/Users/sameergupta/.m2/repository/io/prometheus/prometheus-metrics-model/1.2.1/prometheus-metrics-model-1.2.1.jar:/Users/sameergupta/.m2/repository/io/prometheus/prometheus-metrics-config/1.2.1/prometheus-metrics-config-1.2.1.jar:/Users/sameergupta/.m2/repository/io/prometheus/prometheus-metrics-tracer-common/1.2.1/prometheus-metrics-tracer-common-1.2.1.jar:/Users/sameergupta/.m2/repository/io/prometheus/prometheus-metrics-exposition-formats/1.2.1/prometheus-metrics-exposition-formats-1.2.1.jar:/Users/sameergupta/.m2/repository/io/prometheus/prometheus-metrics-shaded-protobuf/1.2.1/prometheus-metrics-shaded-protobuf-1.2.1.jar:/Users/sameergupta/.m2/repository/org/springframework/boot/spring-boot-starter-test/3.3.4/spring-boot-starter-test-3.3.4.jar:/Users/sameergupta/.m2/repository/org/springframework/boot/spring-boot-test/3.3.4/spring-boot-test-3.3.4.jar:/Users/sameergupta/.m2/repository/org/springframework/boot/spring-boot-test-autoconfigure/3.3.4/spring-boot-test-autoconfigure-3.3.4.jar:/Users/sameergupta/.m2/repository/com/jayway/jsonpath/json-path/2.9.0/json-path-2.9.0.jar:/Users/sameergupta/.m2/repository/jakarta/xml/bind/jakarta.xml.bind-api/4.0.2/jakarta.xml.bind-api-4.0.2.jar:/Users/sameergupta/.m2/repository/jakarta/activation/jakarta.activation-api/2.1.3/jakarta.activation-api-2.1.3.jar:/Users/sameergupta/.m2/repository/net/minidev/json-smart/2.5.1/json-smart-2.5.1.jar:/Users/sameergupta/.m2/repository/net/minidev/accessors-smart/2.5.1/accessors-smart-2.5.1.jar:/Users/sameergupta/.m2/repository/org/ow2/asm/asm/9.6/asm-9.6.jar:/Users/sameergupta/.m2/repository/org/assertj/assertj-core/3.25.3/assertj-core-3.25.3.jar:/Users/sameergupta/.m2/repository/org/hamcrest/hamcrest/2.2/hamcrest-2.2.jar:/Users/sameergupta/.m2/repository/org/junit/jupiter/junit-jupiter/5.10.3/junit-jupiter-5.10.3.jar:/Users/sameergupta/.m2/repository/org/junit/jupiter/junit-jupiter-params/5.10.3/junit-jupiter-params-5.10.3.jar:/Users/sameergupta/.m2/repository/org/junit/jupiter/junit-jupiter-engine/5.10.3/junit-jupiter-engine-5.10.3.jar:/Users/sameergupta/.m2/repository/org/mockito/mockito-core/5.11.0/mockito-core-5.11.0.jar:/Users/sameergupta/.m2/repository/net/bytebuddy/byte-buddy-agent/1.14.19/byte-buddy-agent-1.14.19.jar:/Users/sameergupta/.m2/repository/org/objenesis/objenesis/3.3/objenesis-3.3.jar:/Users/sameergupta/.m2/repository/org/mockito/mockito-junit-jupiter/5.11.0/mockito-junit-jupiter-5.11.0.jar:/Users/sameergupta/.m2/repository/org/skyscreamer/jsonassert/1.5.3/jsonassert-1.5.3.jar:/Users/sameergupta/.m2/repository/com/vaadin/external/google/android-json/0.0.20131108.vaadin1/android-json-0.0.20131108.vaadin1.jar:/Users/sameergupta/.m2/repository/org/springframework/spring-test/6.1.13/spring-test-6.1.13.jar:/Users/sameergupta/.m2/repository/org/xmlunit/xmlunit-core/2.9.1/xmlunit-core-2.9.1.jar:/Users/sameergupta/.m2/repository/org/springframework/kafka/spring-kafka-test/3.2.4/spring-kafka-test-3.2.4.jar:/Users/sameergupta/.m2/repository/org/apache/zookeeper/zookeeper/3.8.4/zookeeper-3.8.4.jar:/Users/sameergupta/.m2/repository/org/apache/zookeeper/zookeeper-jute/3.8.4/zookeeper-jute-3.8.4.jar:/Users/sameergupta/.m2/repository/org/apache/yetus/audience-annotations/0.12.0/audience-annotations-0.12.0.jar:/Users/sameergupta/.m2/repository/io/netty/netty-handler/4.1.113.Final/netty-handler-4.1.113.Final.jar:/Users/sameergupta/.m2/repository/io/netty/netty-common/4.1.113.Final/netty-common-4.1.113.Final.jar:/Users/sameergupta/.m2/repository/io/netty/netty-resolver/4.1.113.Final/netty-resolver-4.1.113.Final.jar:/Users/sameergupta/.m2/repository/io/netty/netty-buffer/4.1.113.Final/netty-buffer-4.1.113.Final.jar:/Users/sameergupta/.m2/repository/io/netty/netty-transport/4.1.113.Final/netty-transport-4.1.113.Final.jar:/Users/sameergupta/.m2/repository/io/netty/netty-transport-native-unix-common/4.1.113.Final/netty-transport-native-unix-common-4.1.113.Final.jar:/Users/sameergupta/.m2/repository/io/netty/netty-codec/4.1.113.Final/netty-codec-4.1.113.Final.jar:/Users/sameergupta/.m2/repository/io/netty/netty-transport-native-epoll/4.1.113.Final/netty-transport-native-epoll-4.1.113.Final.jar:/Users/sameergupta/.m2/repository/io/netty/netty-transport-classes-epoll/4.1.113.Final/netty-transport-classes-epoll-4.1.113.Final.jar:/Users/sameergupta/.m2/repository/ch/qos/logback/logback-core/1.5.8/logback-core-1.5.8.jar:/Users/sameergupta/.m2/repository/commons-io/commons-io/2.11.0/commons-io-2.11.0.jar:/Users/sameergupta/.m2/repository/org/apache/kafka/kafka-clients/3.7.1/kafka-clients-3.7.1-test.jar:/Users/sameergupta/.m2/repository/org/apache/kafka/kafka-metadata/3.7.1/kafka-metadata-3.7.1.jar:/Users/sameergupta/.m2/repository/org/apache/kafka/kafka-raft/3.7.1/kafka-raft-3.7.1.jar:/Users/sameergupta/.m2/repository/com/yammer/metrics/metrics-core/2.2.0/metrics-core-2.2.0.jar:/Users/sameergupta/.m2/repository/org/apache/kafka/kafka-server-common/3.7.1/kafka-server-common-3.7.1.jar:/Users/sameergupta/.m2/repository/net/sf/jopt-simple/jopt-simple/5.0.4/jopt-simple-5.0.4.jar:/Users/sameergupta/.m2/repository/org/pcollections/pcollections/4.0.1/pcollections-4.0.1.jar:/Users/sameergupta/.m2/repository/org/apache/kafka/kafka-server-common/3.7.1/kafka-server-common-3.7.1-test.jar:/Users/sameergupta/.m2/repository/org/apache/kafka/kafka-streams-test-utils/3.7.1/kafka-streams-test-utils-3.7.1.jar:/Users/sameergupta/.m2/repository/org/apache/kafka/kafka-streams/3.7.1/kafka-streams-3.7.1.jar:/Users/sameergupta/.m2/repository/org/rocksdb/rocksdbjni/7.9.2/rocksdbjni-7.9.2.jar:/Users/sameergupta/.m2/repository/org/apache/kafka/kafka_2.13/3.7.1/kafka_2.13-3.7.1.jar:/Users/sameergupta/.m2/repository/org/scala-lang/scala-library/2.13.12/scala-library-2.13.12.jar:/Users/sameergupta/.m2/repository/org/apache/kafka/kafka-group-coordinator/3.7.1/kafka-group-coordinator-3.7.1.jar:/Users/sameergupta/.m2/repository/org/apache/kafka/kafka-storage-api/3.7.1/kafka-storage-api-3.7.1.jar:/Users/sameergupta/.m2/repository/org/apache/kafka/kafka-tools-api/3.7.1/kafka-tools-api-3.7.1.jar:/Users/sameergupta/.m2/repository/org/apache/kafka/kafka-storage/3.7.1/kafka-storage-3.7.1.jar:/Users/sameergupta/.m2/repository/com/github/ben-manes/caffeine/caffeine/3.1.8/caffeine-3.1.8.jar:/Users/sameergupta/.m2/repository/com/google/errorprone/error_prone_annotations/2.21.1/error_prone_annotations-2.21.1.jar:/Users/sameergupta/.m2/repository/org/apache/kafka/kafka-server/3.7.1/kafka-server-3.7.1.jar:/Users/sameergupta/.m2/repository/net/sourceforge/argparse4j/argparse4j/0.7.0/argparse4j-0.7.0.jar:/Users/sameergupta/.m2/repository/commons-validator/commons-validator/1.7/commons-validator-1.7.jar:/Users/sameergupta/.m2/repository/commons-beanutils/commons-beanutils/1.9.4/commons-beanutils-1.9.4.jar:/Users/sameergupta/.m2/repository/commons-digester/commons-digester/2.1/commons-digester-2.1.jar:/Users/sameergupta/.m2/repository/commons-collections/commons-collections/3.2.2/commons-collections-3.2.2.jar:/Users/sameergupta/.m2/repository/com/fasterxml/jackson/module/jackson-module-scala_2.13/2.17.2/jackson-module-scala_2.13-2.17.2.jar:/Users/sameergupta/.m2/repository/com/thoughtworks/paranamer/paranamer/2.8/paranamer-2.8.jar:/Users/sameergupta/.m2/repository/com/fasterxml/jackson/dataformat/jackson-dataformat-csv/2.17.2/jackson-dataformat-csv-2.17.2.jar:/Users/sameergupta/.m2/repository/org/bitbucket/b_c/jose4j/0.9.4/jose4j-0.9.4.jar:/Users/sameergupta/.m2/repository/org/scala-lang/modules/scala-collection-compat_2.13/2.10.0/scala-collection-compat_2.13-2.10.0.jar:/Users/sameergupta/.m2/repository/org/scala-lang/modules/scala-java8-compat_2.13/1.0.2/scala-java8-compat_2.13-1.0.2.jar:/Users/sameergupta/.m2/repository/org/scala-lang/scala-reflect/2.13.12/scala-reflect-2.13.12.jar:/Users/sameergupta/.m2/repository/com/typesafe/scala-logging/scala-logging_2.13/3.9.4/scala-logging_2.13-3.9.4.jar:/Users/sameergupta/.m2/repository/io/dropwizard/metrics/metrics-core/4.1.12.1/metrics-core-4.1.12.1.jar:/Users/sameergupta/.m2/repository/commons-cli/commons-cli/1.4/commons-cli-1.4.jar:/Users/sameergupta/.m2/repository/org/apache/kafka/kafka_2.13/3.7.1/kafka_2.13-3.7.1-test.jar:/Users/sameergupta/.m2/repository/org/junit/jupiter/junit-jupiter-api/5.10.3/junit-jupiter-api-5.10.3.jar:/Users/sameergupta/.m2/repository/org/opentest4j/opentest4j/1.3.0/opentest4j-1.3.0.jar:/Users/sameergupta/.m2/repository/org/junit/platform/junit-platform-commons/1.10.3/junit-platform-commons-1.10.3.jar:/Users/sameergupta/.m2/repository/org/apiguardian/apiguardian-api/1.1.2/apiguardian-api-1.1.2.jar:/Users/sameergupta/.m2/repository/org/junit/platform/junit-platform-launcher/1.10.3/junit-platform-launcher-1.10.3.jar:/Users/sameergupta/.m2/repository/org/junit/platform/junit-platform-engine/1.10.3/junit-platform-engine-1.10.3.jar:/Users/sameergupta/.m2/repository/com/h2database/h2/2.2.224/h2-2.2.224.jar:/Users/sameergupta/.m2/repository/org/awaitility/awaitility/4.2.2/awaitility-4.2.2.jar:"}
{"ts":"2026-04-23T00:47:31.859+05:30","level":"INFO","logger":"o.a.zookeeper.server.ZooKeeperServer","corr":"","msg":"Server environment:java.library.path=/Users/sameergupta/Library/Java/Extensions:/Library/Java/Extensions:/Network/Library/Java/Extensions:/System/Library/Java/Extensions:/usr/lib/java:."}
{"ts":"2026-04-23T00:47:31.859+05:30","level":"INFO","logger":"o.a.zookeeper.server.ZooKeeperServer","corr":"","msg":"Server environment:java.io.tmpdir=/var/folders/jz/9twvfnws5_j45y3_t3rbcfd80000gn/T/"}
{"ts":"2026-04-23T00:47:31.859+05:30","level":"INFO","logger":"o.a.zookeeper.server.ZooKeeperServer","corr":"","msg":"Server environment:java.compiler=<NA>"}
{"ts":"2026-04-23T00:47:31.859+05:30","level":"INFO","logger":"o.a.zookeeper.server.ZooKeeperServer","corr":"","msg":"Server environment:os.name=Mac OS X"}
{"ts":"2026-04-23T00:47:31.859+05:30","level":"INFO","logger":"o.a.zookeeper.server.ZooKeeperServer","corr":"","msg":"Server environment:os.arch=aarch64"}
{"ts":"2026-04-23T00:47:31.859+05:30","level":"INFO","logger":"o.a.zookeeper.server.ZooKeeperServer","corr":"","msg":"Server environment:os.version=15.5"}
{"ts":"2026-04-23T00:47:31.859+05:30","level":"INFO","logger":"o.a.zookeeper.server.ZooKeeperServer","corr":"","msg":"Server environment:user.name=sameergupta"}
{"ts":"2026-04-23T00:47:31.859+05:30","level":"INFO","logger":"o.a.zookeeper.server.ZooKeeperServer","corr":"","msg":"Server environment:user.home=/Users/sameergupta"}
{"ts":"2026-04-23T00:47:31.859+05:30","level":"INFO","logger":"o.a.zookeeper.server.ZooKeeperServer","corr":"","msg":"Server environment:user.dir=/Users/sameergupta/Documents/GitHub/Chronous Project/scheduler-service"}
{"ts":"2026-04-23T00:47:31.859+05:30","level":"INFO","logger":"o.a.zookeeper.server.ZooKeeperServer","corr":"","msg":"Server environment:os.memory.free=24MB"}
{"ts":"2026-04-23T00:47:31.859+05:30","level":"INFO","logger":"o.a.zookeeper.server.ZooKeeperServer","corr":"","msg":"Server environment:os.memory.max=2048MB"}
{"ts":"2026-04-23T00:47:31.859+05:30","level":"INFO","logger":"o.a.zookeeper.server.ZooKeeperServer","corr":"","msg":"Server environment:os.memory.total=60MB"}
{"ts":"2026-04-23T00:47:31.860+05:30","level":"INFO","logger":"o.a.zookeeper.server.ZooKeeperServer","corr":"","msg":"zookeeper.enableEagerACLCheck = false"}
{"ts":"2026-04-23T00:47:31.860+05:30","level":"INFO","logger":"o.a.zookeeper.server.ZooKeeperServer","corr":"","msg":"zookeeper.digest.enabled = true"}
{"ts":"2026-04-23T00:47:31.860+05:30","level":"INFO","logger":"o.a.zookeeper.server.ZooKeeperServer","corr":"","msg":"zookeeper.closeSessionTxn.enabled = true"}
{"ts":"2026-04-23T00:47:31.860+05:30","level":"INFO","logger":"o.a.zookeeper.server.ZooKeeperServer","corr":"","msg":"zookeeper.flushDelay = 0 ms"}
{"ts":"2026-04-23T00:47:31.860+05:30","level":"INFO","logger":"o.a.zookeeper.server.ZooKeeperServer","corr":"","msg":"zookeeper.maxWriteQueuePollTime = 0 ms"}
{"ts":"2026-04-23T00:47:31.860+05:30","level":"INFO","logger":"o.a.zookeeper.server.ZooKeeperServer","corr":"","msg":"zookeeper.maxBatchSize=1000"}
{"ts":"2026-04-23T00:47:31.860+05:30","level":"INFO","logger":"o.a.zookeeper.server.ZooKeeperServer","corr":"","msg":"zookeeper.intBufferStartingSizeBytes = 1024"}
{"ts":"2026-04-23T00:47:31.861+05:30","level":"INFO","logger":"o.a.z.s.persistence.FileTxnSnapLog","corr":"","msg":"zookeeper.snapshot.trust.empty : false"}
{"ts":"2026-04-23T00:47:31.867+05:30","level":"INFO","logger":"o.a.z.s.watch.WatchManagerFactory","corr":"","msg":"Using org.apache.zookeeper.server.watch.WatchManager as watch manager"}
{"ts":"2026-04-23T00:47:31.867+05:30","level":"INFO","logger":"o.a.z.s.watch.WatchManagerFactory","corr":"","msg":"Using org.apache.zookeeper.server.watch.WatchManager as watch manager"}
{"ts":"2026-04-23T00:47:31.867+05:30","level":"INFO","logger":"o.apache.zookeeper.server.ZKDatabase","corr":"","msg":"zookeeper.snapshotSizeFactor = 0.33"}
{"ts":"2026-04-23T00:47:31.867+05:30","level":"INFO","logger":"o.apache.zookeeper.server.ZKDatabase","corr":"","msg":"zookeeper.commitLogCount=500"}
{"ts":"2026-04-23T00:47:31.869+05:30","level":"INFO","logger":"o.a.zookeeper.server.BlueThrottle","corr":"","msg":"Weighed connection throttling is disabled"}
{"ts":"2026-04-23T00:47:31.870+05:30","level":"INFO","logger":"o.a.zookeeper.server.ZooKeeperServer","corr":"","msg":"minSessionTimeout set to 1600 ms"}
{"ts":"2026-04-23T00:47:31.870+05:30","level":"INFO","logger":"o.a.zookeeper.server.ZooKeeperServer","corr":"","msg":"maxSessionTimeout set to 16000 ms"}
{"ts":"2026-04-23T00:47:31.870+05:30","level":"INFO","logger":"o.a.zookeeper.server.ResponseCache","corr":"","msg":"getData response cache size is initialized with value 400."}
{"ts":"2026-04-23T00:47:31.870+05:30","level":"INFO","logger":"o.a.zookeeper.server.ResponseCache","corr":"","msg":"getChildren response cache size is initialized with value 400."}
{"ts":"2026-04-23T00:47:31.870+05:30","level":"INFO","logger":"o.a.z.s.u.RequestPathMetricsCollector","corr":"","msg":"zookeeper.pathStats.slotCapacity = 60"}
{"ts":"2026-04-23T00:47:31.870+05:30","level":"INFO","logger":"o.a.z.s.u.RequestPathMetricsCollector","corr":"","msg":"zookeeper.pathStats.slotDuration = 15"}
{"ts":"2026-04-23T00:47:31.870+05:30","level":"INFO","logger":"o.a.z.s.u.RequestPathMetricsCollector","corr":"","msg":"zookeeper.pathStats.maxDepth = 6"}
{"ts":"2026-04-23T00:47:31.871+05:30","level":"INFO","logger":"o.a.z.s.u.RequestPathMetricsCollector","corr":"","msg":"zookeeper.pathStats.initialDelay = 5"}
{"ts":"2026-04-23T00:47:31.871+05:30","level":"INFO","logger":"o.a.z.s.u.RequestPathMetricsCollector","corr":"","msg":"zookeeper.pathStats.delay = 5"}
{"ts":"2026-04-23T00:47:31.871+05:30","level":"INFO","logger":"o.a.z.s.u.RequestPathMetricsCollector","corr":"","msg":"zookeeper.pathStats.enabled = false"}
{"ts":"2026-04-23T00:47:31.871+05:30","level":"INFO","logger":"o.a.zookeeper.server.ZooKeeperServer","corr":"","msg":"The max bytes for all large requests are set to 104857600"}
{"ts":"2026-04-23T00:47:31.871+05:30","level":"INFO","logger":"o.a.zookeeper.server.ZooKeeperServer","corr":"","msg":"The large request threshold is set to -1"}
{"ts":"2026-04-23T00:47:31.872+05:30","level":"INFO","logger":"o.a.z.server.AuthenticationHelper","corr":"","msg":"zookeeper.enforce.auth.enabled = false"}
{"ts":"2026-04-23T00:47:31.872+05:30","level":"INFO","logger":"o.a.z.server.AuthenticationHelper","corr":"","msg":"zookeeper.enforce.auth.schemes = []"}
{"ts":"2026-04-23T00:47:31.872+05:30","level":"INFO","logger":"o.a.zookeeper.server.ZooKeeperServer","corr":"","msg":"Created server with tickTime 800 ms minSessionTimeout 1600 ms maxSessionTimeout 16000 ms clientPortListenBacklog -1 datadir /var/folders/jz/9twvfnws5_j45y3_t3rbcfd80000gn/T/kafka-5131254810661825034/version-2 snapdir /var/folders/jz/9twvfnws5_j45y3_t3rbcfd80000gn/T/kafka-9820360225162751965/version-2"}
{"ts":"2026-04-23T00:47:31.875+05:30","level":"WARN","logger":"o.a.z.server.ServerCnxnFactory","corr":"","msg":"maxCnxns is not configured, using default value 0."}
{"ts":"2026-04-23T00:47:31.875+05:30","level":"INFO","logger":"o.a.z.server.NIOServerCnxnFactory","corr":"","msg":"Configuring NIO connection handler with 10s sessionless connection timeout, 2 selector thread(s), 16 worker threads, and 64 kB direct buffers."}
{"ts":"2026-04-23T00:47:31.887+05:30","level":"INFO","logger":"o.a.z.server.NIOServerCnxnFactory","corr":"","msg":"binding to port /127.0.0.1:0"}
{"ts":"2026-04-23T00:47:31.897+05:30","level":"INFO","logger":"o.a.z.server.persistence.SnapStream","corr":"","msg":"zookeeper.snapshot.compression.method = CHECKED"}
{"ts":"2026-04-23T00:47:31.898+05:30","level":"INFO","logger":"o.a.z.s.persistence.FileTxnSnapLog","corr":"","msg":"Snapshotting: 0x0 to /var/folders/jz/9twvfnws5_j45y3_t3rbcfd80000gn/T/kafka-9820360225162751965/version-2/snapshot.0"}
{"ts":"2026-04-23T00:47:31.900+05:30","level":"INFO","logger":"o.apache.zookeeper.server.ZKDatabase","corr":"","msg":"Snapshot loaded in 10 ms, highest zxid is 0x0, digest is 1371985504"}
{"ts":"2026-04-23T00:47:31.900+05:30","level":"INFO","logger":"o.a.z.s.persistence.FileTxnSnapLog","corr":"","msg":"Snapshotting: 0x0 to /var/folders/jz/9twvfnws5_j45y3_t3rbcfd80000gn/T/kafka-9820360225162751965/version-2/snapshot.0"}
{"ts":"2026-04-23T00:47:31.901+05:30","level":"INFO","logger":"o.a.zookeeper.server.ZooKeeperServer","corr":"","msg":"Snapshot taken in 0 ms"}
{"ts":"2026-04-23T00:47:31.905+05:30","level":"INFO","logger":"o.a.z.server.PrepRequestProcessor","corr":"","msg":"PrepRequestProcessor (sid:0) started, reconfigEnabled=false"}
{"ts":"2026-04-23T00:47:31.905+05:30","level":"INFO","logger":"o.a.z.server.RequestThrottler","corr":"","msg":"zookeeper.request_throttler.shutdownTimeout = 10000 ms"}
{"ts":"2026-04-23T00:47:32.039+05:30","level":"INFO","logger":"kafka.server.KafkaConfig","corr":"","msg":"KafkaConfig values: 
	advertised.listeners = null
	alter.config.policy.class.name = null
	alter.log.dirs.replication.quota.window.num = 11
	alter.log.dirs.replication.quota.window.size.seconds = 1
	authorizer.class.name = 
	auto.create.topics.enable = true
	auto.include.jmx.reporter = true
	auto.leader.rebalance.enable = true
	background.threads = 2
	broker.heartbeat.interval.ms = 2000
	broker.id = 0
	broker.id.generation.enable = true
	broker.rack = null
	broker.session.timeout.ms = 9000
	client.quota.callback.class = null
	compression.type = producer
	connection.failed.authentication.delay.ms = 100
	connections.max.idle.ms = 600000
	connections.max.reauth.ms = 0
	control.plane.listener.name = null
	controlled.shutdown.enable = false
	controlled.shutdown.max.retries = 3
	controlled.shutdown.retry.backoff.ms = 100
	controller.listener.names = null
	controller.quorum.append.linger.ms = 25
	controller.quorum.election.backoff.max.ms = 1000
	controller.quorum.election.timeout.ms = 1000
	controller.quorum.fetch.timeout.ms = 2000
	controller.quorum.request.timeout.ms = 2000
	controller.quorum.retry.backoff.ms = 20
	controller.quorum.voters = []
	controller.quota.window.num = 11
	controller.quota.window.size.seconds = 1
	controller.socket.timeout.ms = 1000
	create.topic.policy.class.name = null
	default.replication.factor = 1
	delegation.token.expiry.check.interval.ms = 3600000
	delegation.token.expiry.time.ms = 86400000
	delegation.token.master.key = null
	delegation.token.max.lifetime.ms = 604800000
	delegation.token.secret.key = null
	delete.records.purgatory.purge.interval.requests = 1
	delete.topic.enable = true
	early.start.listeners = null
	eligible.leader.replicas.enable = false
	fetch.max.bytes = 57671680
	fetch.purgatory.purge.interval.requests = 1000
	group.consumer.assignors = [org.apache.kafka.coordinator.group.assignor.UniformAssignor, org.apache.kafka.coordinator.group.assignor.RangeAssignor]
	group.consumer.heartbeat.interval.ms = 5000
	group.consumer.max.heartbeat.interval.ms = 15000
	group.consumer.max.session.timeout.ms = 60000
	group.consumer.max.size = 2147483647
	group.consumer.min.heartbeat.interval.ms = 5000
	group.consumer.min.session.timeout.ms = 45000
	group.consumer.session.timeout.ms = 45000
	group.coordinator.new.enable = false
	group.coordinator.rebalance.protocols = [classic]
	group.coordinator.threads = 1
	group.initial.rebalance.delay.ms = 0
	group.max.session.timeout.ms = 1800000
	group.max.size = 2147483647
	group.min.session.timeout.ms = 6000
	initial.broker.registration.timeout.ms = 60000
	inter.broker.listener.name = null
	inter.broker.protocol.version = 3.7-IV4
	kafka.metrics.polling.interval.secs = 10
	kafka.metrics.reporters = []
	leader.imbalance.check.interval.seconds = 300
	leader.imbalance.per.broker.percentage = 10
	listener.security.protocol.map = PLAINTEXT:PLAINTEXT,SSL:SSL,SASL_PLAINTEXT:SASL_PLAINTEXT,SASL_SSL:SASL_SSL
	listeners = PLAINTEXT://localhost:0
	log.cleaner.backoff.ms = 15000
	log.cleaner.dedupe.buffer.size = 2097152
	log.cleaner.delete.retention.ms = 86400000
	log.cleaner.enable = true
	log.cleaner.io.buffer.load.factor = 0.9
	log.cleaner.io.buffer.size = 524288
	log.cleaner.io.max.bytes.per.second = 1.7976931348623157E308
	log.cleaner.max.compaction.lag.ms = 9223372036854775807
	log.cleaner.min.cleanable.ratio = 0.5
	log.cleaner.min.compaction.lag.ms = 0
	log.cleaner.threads = 1
	log.cleanup.policy = [delete]
	log.dir = /var/folders/jz/9twvfnws5_j45y3_t3rbcfd80000gn/T/spring.kafka.151b41ec-69bb-4c9b-9b33-5ad7fe70e74c5399476794776968132
	log.dirs = null
	log.flush.interval.messages = 9223372036854775807
	log.flush.interval.ms = null
	log.flush.offset.checkpoint.interval.ms = 60000
	log.flush.scheduler.interval.ms = 9223372036854775807
	log.flush.start.offset.checkpoint.interval.ms = 60000
	log.index.interval.bytes = 4096
	log.index.size.max.bytes = 10485760
	log.local.retention.bytes = -2
	log.local.retention.ms = -2
	log.message.downconversion.enable = true
	log.message.format.version = 3.0-IV1
	log.message.timestamp.after.max.ms = 9223372036854775807
	log.message.timestamp.before.max.ms = 9223372036854775807
	log.message.timestamp.difference.max.ms = 9223372036854775807
	log.message.timestamp.type = CreateTime
	log.preallocate = false
	log.retention.bytes = -1
	log.retention.check.interval.ms = 300000
	log.retention.hours = 168
	log.retention.minutes = null
	log.retention.ms = null
	log.roll.hours = 168
	log.roll.jitter.hours = 0
	log.roll.jitter.ms = null
	log.roll.ms = null
	log.segment.bytes = 1073741824
	log.segment.delete.delay.ms = 1000
	max.connection.creation.rate = 2147483647
	max.connections = 2147483647
	max.connections.per.ip = 2147483647
	max.connections.per.ip.overrides = 
	max.incremental.fetch.session.cache.slots = 1000
	message.max.bytes = 1048588
	metadata.log.dir = null
	metadata.log.max.record.bytes.between.snapshots = 20971520
	metadata.log.max.snapshot.interval.ms = 3600000
	metadata.log.segment.bytes = 1073741824
	metadata.log.segment.min.bytes = 8388608
	metadata.log.segment.ms = 604800000
	metadata.max.idle.interval.ms = 500
	metadata.max.retention.bytes = 104857600
	metadata.max.retention.ms = 604800000
	metric.reporters = []
	metrics.num.samples = 2
	metrics.recording.level = INFO
	metrics.sample.window.ms = 30000
	min.insync.replicas = 1
	node.id = 0
	num.io.threads = 8
	num.network.threads = 2
	num.partitions = 1
	num.recovery.threads.per.data.dir = 1
	num.replica.alter.log.dirs.threads = null
	num.replica.fetchers = 1
	offset.metadata.max.bytes = 4096
	offsets.commit.required.acks = -1
	offsets.commit.timeout.ms = 5000
	offsets.load.buffer.size = 5242880
	offsets.retention.check.interval.ms = 600000
	offsets.retention.minutes = 10080
	offsets.topic.compression.codec = 0
	offsets.topic.num.partitions = 5
	offsets.topic.replication.factor = 1
	offsets.topic.segment.bytes = 104857600
	password.encoder.cipher.algorithm = AES/CBC/PKCS5Padding
	password.encoder.iterations = 4096
	password.encoder.key.length = 128
	password.encoder.keyfactory.algorithm = null
	password.encoder.old.secret = null
	password.encoder.secret = null
	principal.builder.class = class org.apache.kafka.common.security.authenticator.DefaultKafkaPrincipalBuilder
	process.roles = []
	producer.id.expiration.check.interval.ms = 600000
	producer.id.expiration.ms = 86400000
	producer.purgatory.purge.interval.requests = 1000
	queued.max.request.bytes = -1
	queued.max.requests = 500
	quota.window.num = 11
	quota.window.size.seconds = 1
	remote.log.index.file.cache.total.size.bytes = 1073741824
	remote.log.manager.task.interval.ms = 30000
	remote.log.manager.task.retry.backoff.max.ms = 30000
	remote.log.manager.task.retry.backoff.ms = 500
	remote.log.manager.task.retry.jitter = 0.2
	remote.log.manager.thread.pool.size = 10
	remote.log.metadata.custom.metadata.max.bytes = 128
	remote.log.metadata.manager.class.name = org.apache.kafka.server.log.remote.metadata.storage.TopicBasedRemoteLogMetadataManager
	remote.log.metadata.manager.class.path = null
	remote.log.metadata.manager.impl.prefix = rlmm.config.
	remote.log.metadata.manager.listener.name = null
	remote.log.reader.max.pending.tasks = 100
	remote.log.reader.threads = 10
	remote.log.storage.manager.class.name = null
	remote.log.storage.manager.class.path = null
	remote.log.storage.manager.impl.prefix = rsm.config.
	remote.log.storage.system.enable = false
	replica.fetch.backoff.ms = 1000
	replica.fetch.max.bytes = 1048576
	replica.fetch.min.bytes = 1
	replica.fetch.response.max.bytes = 10485760
	replica.fetch.wait.max.ms = 500
	replica.high.watermark.checkpoint.interval.ms = 9223372036854775807
	replica.lag.time.max.ms = 30000
	replica.selector.class = null
	replica.socket.receive.buffer.bytes = 65536
	replica.socket.timeout.ms = 1000
	replication.quota.window.num = 11
	replication.quota.window.size.seconds = 1
	request.timeout.ms = 30000
	reserved.broker.max.id = 1000
	sasl.client.callback.handler.class = null
	sasl.enabled.mechanisms = [GSSAPI]
	sasl.jaas.config = null
	sasl.kerberos.kinit.cmd = /usr/bin/kinit
	sasl.kerberos.min.time.before.relogin = 60000
	sasl.kerberos.principal.to.local.rules = [DEFAULT]
	sasl.kerberos.service.name = null
	sasl.kerberos.ticket.renew.jitter = 0.05
	sasl.kerberos.ticket.renew.window.factor = 0.8
	sasl.login.callback.handler.class = null
	sasl.login.class = null
	sasl.login.connect.timeout.ms = null
	sasl.login.read.timeout.ms = null
	sasl.login.refresh.buffer.seconds = 300
	sasl.login.refresh.min.period.seconds = 60
	sasl.login.refresh.window.factor = 0.8
	sasl.login.refresh.window.jitter = 0.05
	sasl.login.retry.backoff.max.ms = 10000
	sasl.login.retry.backoff.ms = 100
	sasl.mechanism.controller.protocol = GSSAPI
	sasl.mechanism.inter.broker.protocol = GSSAPI
	sasl.oauthbearer.clock.skew.seconds = 30
	sasl.oauthbearer.expected.audience = null
	sasl.oauthbearer.expected.issuer = null
	sasl.oauthbearer.jwks.endpoint.refresh.ms = 3600000
	sasl.oauthbearer.jwks.endpoint.retry.backoff.max.ms = 10000
	sasl.oauthbearer.jwks.endpoint.retry.backoff.ms = 100
	sasl.oauthbearer.jwks.endpoint.url = null
	sasl.oauthbearer.scope.claim.name = scope
	sasl.oauthbearer.sub.claim.name = sub
	sasl.oauthbearer.token.endpoint.url = null
	sasl.server.callback.handler.class = null
	sasl.server.max.receive.size = 524288
	security.inter.broker.protocol = PLAINTEXT
	security.providers = null
	server.max.startup.time.ms = 9223372036854775807
	socket.connection.setup.timeout.max.ms = 30000
	socket.connection.setup.timeout.ms = 10000
	socket.listen.backlog.size = 50
	socket.receive.buffer.bytes = 102400
	socket.request.max.bytes = 104857600
	socket.send.buffer.bytes = 102400
	ssl.allow.dn.changes = false
	ssl.allow.san.changes = false
	ssl.cipher.suites = []
	ssl.client.auth = none
	ssl.enabled.protocols = [TLSv1.2, TLSv1.3]
	ssl.endpoint.identification.algorithm = https
	ssl.engine.factory.class = null
	ssl.key.password = null
	ssl.keymanager.algorithm = SunX509
	ssl.keystore.certificate.chain = null
	ssl.keystore.key = null
	ssl.keystore.location = null
	ssl.keystore.password = null
	ssl.keystore.type = JKS
	ssl.principal.mapping.rules = DEFAULT
	ssl.protocol = TLSv1.3
	ssl.provider = null
	ssl.secure.random.implementation = null
	ssl.trustmanager.algorithm = PKIX
	ssl.truststore.certificates = null
	ssl.truststore.location = null
	ssl.truststore.password = null
	ssl.truststore.type = JKS
	telemetry.max.bytes = 1048576
	transaction.abort.timed.out.transaction.cleanup.interval.ms = 10000
	transaction.max.timeout.ms = 900000
	transaction.partition.verification.enable = true
	transaction.remove.expired.transaction.cleanup.interval.ms = 3600000
	transaction.state.log.load.buffer.size = 5242880
	transaction.state.log.min.isr = 2
	transaction.state.log.num.partitions = 50
	transaction.state.log.replication.factor = 3
	transaction.state.log.segment.bytes = 104857600
	transactional.id.expiration.ms = 604800000
	unclean.leader.election.enable = false
	unstable.api.versions.enable = false
	unstable.metadata.versions.enable = true
	zookeeper.clientCnxnSocket = null
	zookeeper.connect = 127.0.0.1:58368
	zookeeper.connection.timeout.ms = 10000
	zookeeper.max.in.flight.requests = 10
	zookeeper.metadata.migration.enable = false
	zookeeper.metadata.migration.min.batch.size = 200
	zookeeper.session.timeout.ms = 18000
	zookeeper.set.acl = false
	zookeeper.ssl.cipher.suites = null
	zookeeper.ssl.client.enable = false
	zookeeper.ssl.crl.enable = false
	zookeeper.ssl.enabled.protocols = null
	zookeeper.ssl.endpoint.identification.algorithm = HTTPS
	zookeeper.ssl.keystore.location = null
	zookeeper.ssl.keystore.password = null
	zookeeper.ssl.keystore.type = null
	zookeeper.ssl.ocsp.enable = false
	zookeeper.ssl.protocol = TLSv1.2
	zookeeper.ssl.truststore.location = null
	zookeeper.ssl.truststore.password = null
	zookeeper.ssl.truststore.type = null
"}
{"ts":"2026-04-23T00:47:32.049+05:30","level":"INFO","logger":"o.apache.zookeeper.common.X509Util","corr":"","msg":"Setting -D jdk.tls.rejectClientInitiatedRenegotiation=true to disable client-initiated TLS renegotiation"}
{"ts":"2026-04-23T00:47:32.083+05:30","level":"INFO","logger":"kafka.server.KafkaServer","corr":"","msg":"starting"}
{"ts":"2026-04-23T00:47:32.083+05:30","level":"INFO","logger":"kafka.server.KafkaServer","corr":"","msg":"Connecting to zookeeper on 127.0.0.1:58368"}
{"ts":"2026-04-23T00:47:32.093+05:30","level":"INFO","logger":"kafka.zookeeper.ZooKeeperClient","corr":"","msg":"[ZooKeeperClient Kafka server] Initializing a new session to 127.0.0.1:58368."}
{"ts":"2026-04-23T00:47:32.095+05:30","level":"INFO","logger":"org.apache.zookeeper.ZooKeeper","corr":"","msg":"Client environment:zookeeper.version=3.8.4-9316c2a7a97e1666d8f4593f34dd6fc36ecc436c, built on 2024-02-12 22:16 UTC"}
{"ts":"2026-04-23T00:47:32.095+05:30","level":"INFO","logger":"org.apache.zookeeper.ZooKeeper","corr":"","msg":"Client environment:host.name=localhost"}
{"ts":"2026-04-23T00:47:32.095+05:30","level":"INFO","logger":"org.apache.zookeeper.ZooKeeper","corr":"","msg":"Client environment:java.version=21.0.6"}
{"ts":"2026-04-23T00:47:32.095+05:30","level":"INFO","logger":"org.apache.zookeeper.ZooKeeper","corr":"","msg":"Client environment:java.vendor=Eclipse Adoptium"}
{"ts":"2026-04-23T00:47:32.095+05:30","level":"INFO","logger":"org.apache.zookeeper.ZooKeeper","corr":"","msg":"Client environment:java.home=/Users/sameergupta/.sdkman/candidates/java/21.0.6-tem"}
{"ts":"2026-04-23T00:47:32.095+05:30","level":"INFO","logger":"org.apache.zookeeper.ZooKeeper","corr":"","msg":"Client environment:java.class.path=/Users/sameergupta/Documents/GitHub/Chronous Project/scheduler-service/target/test-classes:/Users/sameergupta/Documents/GitHub/Chronous Project/scheduler-service/target/classes:/Users/sameergupta/Documents/GitHub/Chronous Project/platform-commons/target/platform-commons-1.0.0-SNAPSHOT.jar:/Users/sameergupta/.m2/repository/org/springframework/boot/spring-boot-starter-validation/3.3.4/spring-boot-starter-validation-3.3.4.jar:/Users/sameergupta/.m2/repository/org/apache/tomcat/embed/tomcat-embed-el/10.1.30/tomcat-embed-el-10.1.30.jar:/Users/sameergupta/.m2/repository/org/hibernate/validator/hibernate-validator/8.0.1.Final/hibernate-validator-8.0.1.Final.jar:/Users/sameergupta/.m2/repository/jakarta/validation/jakarta.validation-api/3.0.2/jakarta.validation-api-3.0.2.jar:/Users/sameergupta/.m2/repository/com/fasterxml/jackson/datatype/jackson-datatype-jsr310/2.17.2/jackson-datatype-jsr310-2.17.2.jar:/Users/sameergupta/.m2/repository/com/fasterxml/jackson/core/jackson-annotations/2.17.2/jackson-annotations-2.17.2.jar:/Users/sameergupta/.m2/repository/com/fasterxml/jackson/core/jackson-core/2.17.2/jackson-core-2.17.2.jar:/Users/sameergupta/.m2/repository/com/fasterxml/jackson/core/jackson-databind/2.17.2/jackson-databind-2.17.2.jar:/Users/sameergupta/.m2/repository/io/jsonwebtoken/jjwt-api/0.12.6/jjwt-api-0.12.6.jar:/Users/sameergupta/.m2/repository/io/jsonwebtoken/jjwt-impl/0.12.6/jjwt-impl-0.12.6.jar:/Users/sameergupta/.m2/repository/io/jsonwebtoken/jjwt-jackson/0.12.6/jjwt-jackson-0.12.6.jar:/Users/sameergupta/.m2/repository/org/slf4j/slf4j-api/2.0.16/slf4j-api-2.0.16.jar:/Users/sameergupta/.m2/repository/org/springframework/boot/spring-boot-starter/3.3.4/spring-boot-starter-3.3.4.jar:/Users/sameergupta/.m2/repository/org/springframework/boot/spring-boot/3.3.4/spring-boot-3.3.4.jar:/Users/sameergupta/.m2/repository/org/springframework/boot/spring-boot-autoconfigure/3.3.4/spring-boot-autoconfigure-3.3.4.jar:/Users/sameergupta/.m2/repository/org/springframework/boot/spring-boot-starter-logging/3.3.4/spring-boot-starter-logging-3.3.4.jar:/Users/sameergupta/.m2/repository/ch/qos/logback/logback-classic/1.5.8/logback-classic-1.5.8.jar:/Users/sameergupta/.m2/repository/org/apache/logging/log4j/log4j-to-slf4j/2.23.1/log4j-to-slf4j-2.23.1.jar:/Users/sameergupta/.m2/repository/org/apache/logging/log4j/log4j-api/2.23.1/log4j-api-2.23.1.jar:/Users/sameergupta/.m2/repository/org/slf4j/jul-to-slf4j/2.0.16/jul-to-slf4j-2.0.16.jar:/Users/sameergupta/.m2/repository/jakarta/annotation/jakarta.annotation-api/2.1.1/jakarta.annotation-api-2.1.1.jar:/Users/sameergupta/.m2/repository/org/springframework/spring-core/6.1.13/spring-core-6.1.13.jar:/Users/sameergupta/.m2/repository/org/springframework/spring-jcl/6.1.13/spring-jcl-6.1.13.jar:/Users/sameergupta/.m2/repository/org/yaml/snakeyaml/2.2/snakeyaml-2.2.jar:/Users/sameergupta/.m2/repository/org/springframework/boot/spring-boot-starter-data-jpa/3.3.4/spring-boot-starter-data-jpa-3.3.4.jar:/Users/sameergupta/.m2/repository/org/springframework/boot/spring-boot-starter-aop/3.3.4/spring-boot-starter-aop-3.3.4.jar:/Users/sameergupta/.m2/repository/org/springframework/spring-aop/6.1.13/spring-aop-6.1.13.jar:/Users/sameergupta/.m2/repository/org/aspectj/aspectjweaver/1.9.22.1/aspectjweaver-1.9.22.1.jar:/Users/sameergupta/.m2/repository/org/springframework/boot/spring-boot-starter-jdbc/3.3.4/spring-boot-starter-jdbc-3.3.4.jar:/Users/sameergupta/.m2/repository/com/zaxxer/HikariCP/5.1.0/HikariCP-5.1.0.jar:/Users/sameergupta/.m2/repository/org/springframework/spring-jdbc/6.1.13/spring-jdbc-6.1.13.jar:/Users/sameergupta/.m2/repository/org/hibernate/orm/hibernate-core/6.5.3.Final/hibernate-core-6.5.3.Final.jar:/Users/sameergupta/.m2/repository/jakarta/persistence/jakarta.persistence-api/3.1.0/jakarta.persistence-api-3.1.0.jar:/Users/sameergupta/.m2/repository/jakarta/transaction/jakarta.transaction-api/2.0.1/jakarta.transaction-api-2.0.1.jar:/Users/sameergupta/.m2/repository/org/jboss/logging/jboss-logging/3.5.3.Final/jboss-logging-3.5.3.Final.jar:/Users/sameergupta/.m2/repository/org/hibernate/common/hibernate-commons-annotations/6.0.6.Final/hibernate-commons-annotations-6.0.6.Final.jar:/Users/sameergupta/.m2/repository/io/smallrye/jandex/3.1.2/jandex-3.1.2.jar:/Users/sameergupta/.m2/repository/com/fasterxml/classmate/1.7.0/classmate-1.7.0.jar:/Users/sameergupta/.m2/repository/net/bytebuddy/byte-buddy/1.14.19/byte-buddy-1.14.19.jar:/Users/sameergupta/.m2/repository/org/glassfish/jaxb/jaxb-runtime/4.0.5/jaxb-runtime-4.0.5.jar:/Users/sameergupta/.m2/repository/org/glassfish/jaxb/jaxb-core/4.0.5/jaxb-core-4.0.5.jar:/Users/sameergupta/.m2/repository/org/eclipse/angus/angus-activation/2.0.2/angus-activation-2.0.2.jar:/Users/sameergupta/.m2/repository/org/glassfish/jaxb/txw2/4.0.5/txw2-4.0.5.jar:/Users/sameergupta/.m2/repository/com/sun/istack/istack-commons-runtime/4.1.2/istack-commons-runtime-4.1.2.jar:/Users/sameergupta/.m2/repository/jakarta/inject/jakarta.inject-api/2.0.1/jakarta.inject-api-2.0.1.jar:/Users/sameergupta/.m2/repository/org/antlr/antlr4-runtime/4.13.0/antlr4-runtime-4.13.0.jar:/Users/sameergupta/.m2/repository/org/springframework/data/spring-data-jpa/3.3.4/spring-data-jpa-3.3.4.jar:/Users/sameergupta/.m2/repository/org/springframework/data/spring-data-commons/3.3.4/spring-data-commons-3.3.4.jar:/Users/sameergupta/.m2/repository/org/springframework/spring-orm/6.1.13/spring-orm-6.1.13.jar:/Users/sameergupta/.m2/repository/org/springframework/spring-beans/6.1.13/spring-beans-6.1.13.jar:/Users/sameergupta/.m2/repository/org/springframework/spring-aspects/6.1.13/spring-aspects-6.1.13.jar:/Users/sameergupta/.m2/repository/org/springframework/boot/spring-boot-starter-actuator/3.3.4/spring-boot-starter-actuator-3.3.4.jar:/Users/sameergupta/.m2/repository/org/springframework/boot/spring-boot-actuator-autoconfigure/3.3.4/spring-boot-actuator-autoconfigure-3.3.4.jar:/Users/sameergupta/.m2/repository/org/springframework/boot/spring-boot-actuator/3.3.4/spring-boot-actuator-3.3.4.jar:/Users/sameergupta/.m2/repository/io/micrometer/micrometer-observation/1.13.4/micrometer-observation-1.13.4.jar:/Users/sameergupta/.m2/repository/io/micrometer/micrometer-commons/1.13.4/micrometer-commons-1.13.4.jar:/Users/sameergupta/.m2/repository/io/micrometer/micrometer-jakarta9/1.13.4/micrometer-jakarta9-1.13.4.jar:/Users/sameergupta/.m2/repository/org/springframework/boot/spring-boot-starter-web/3.3.4/spring-boot-starter-web-3.3.4.jar:/Users/sameergupta/.m2/repository/org/springframework/boot/spring-boot-starter-json/3.3.4/spring-boot-starter-json-3.3.4.jar:/Users/sameergupta/.m2/repository/com/fasterxml/jackson/datatype/jackson-datatype-jdk8/2.17.2/jackson-datatype-jdk8-2.17.2.jar:/Users/sameergupta/.m2/repository/com/fasterxml/jackson/module/jackson-module-parameter-names/2.17.2/jackson-module-parameter-names-2.17.2.jar:/Users/sameergupta/.m2/repository/org/springframework/boot/spring-boot-starter-tomcat/3.3.4/spring-boot-starter-tomcat-3.3.4.jar:/Users/sameergupta/.m2/repository/org/apache/tomcat/embed/tomcat-embed-core/10.1.30/tomcat-embed-core-10.1.30.jar:/Users/sameergupta/.m2/repository/org/apache/tomcat/embed/tomcat-embed-websocket/10.1.30/tomcat-embed-websocket-10.1.30.jar:/Users/sameergupta/.m2/repository/org/springframework/spring-web/6.1.13/spring-web-6.1.13.jar:/Users/sameergupta/.m2/repository/org/springframework/spring-webmvc/6.1.13/spring-webmvc-6.1.13.jar:/Users/sameergupta/.m2/repository/org/springframework/spring-expression/6.1.13/spring-expression-6.1.13.jar:/Users/sameergupta/.m2/repository/org/springframework/kafka/spring-kafka/3.2.4/spring-kafka-3.2.4.jar:/Users/sameergupta/.m2/repository/org/springframework/spring-context/6.1.13/spring-context-6.1.13.jar:/Users/sameergupta/.m2/repository/org/springframework/spring-messaging/6.1.13/spring-messaging-6.1.13.jar:/Users/sameergupta/.m2/repository/org/springframework/spring-tx/6.1.13/spring-tx-6.1.13.jar:/Users/sameergupta/.m2/repository/org/springframework/retry/spring-retry/2.0.9/spring-retry-2.0.9.jar:/Users/sameergupta/.m2/repository/org/apache/kafka/kafka-clients/3.7.1/kafka-clients-3.7.1.jar:/Users/sameergupta/.m2/repository/com/github/luben/zstd-jni/1.5.6-3/zstd-jni-1.5.6-3.jar:/Users/sameergupta/.m2/repository/org/lz4/lz4-java/1.8.0/lz4-java-1.8.0.jar:/Users/sameergupta/.m2/repository/org/xerial/snappy/snappy-java/1.1.10.5/snappy-java-1.1.10.5.jar:/Users/sameergupta/.m2/repository/org/flywaydb/flyway-core/10.10.0/flyway-core-10.10.0.jar:/Users/sameergupta/.m2/repository/com/fasterxml/jackson/dataformat/jackson-dataformat-toml/2.17.2/jackson-dataformat-toml-2.17.2.jar:/Users/sameergupta/.m2/repository/com/google/code/gson/gson/2.10.1/gson-2.10.1.jar:/Users/sameergupta/.m2/repository/org/flywaydb/flyway-database-postgresql/10.10.0/flyway-database-postgresql-10.10.0.jar:/Users/sameergupta/.m2/repository/org/postgresql/postgresql/42.7.4/postgresql-42.7.4.jar:/Users/sameergupta/.m2/repository/org/checkerframework/checker-qual/3.42.0/checker-qual-3.42.0.jar:/Users/sameergupta/.m2/repository/io/micrometer/micrometer-registry-prometheus/1.13.4/micrometer-registry-prometheus-1.13.4.jar:/Users/sameergupta/.m2/repository/io/micrometer/micrometer-core/1.13.4/micrometer-core-1.13.4.jar:/Users/sameergupta/.m2/repository/org/hdrhistogram/HdrHistogram/2.2.2/HdrHistogram-2.2.2.jar:/Users/sameergupta/.m2/repository/org/latencyutils/LatencyUtils/2.0.3/LatencyUtils-2.0.3.jar:/Users/sameergupta/.m2/repository/io/prometheus/prometheus-metrics-core/1.2.1/prometheus-metrics-core-1.2.1.jar:/Users/sameergupta/.m2/repository/io/prometheus/prometheus-metrics-model/1.2.1/prometheus-metrics-model-1.2.1.jar:/Users/sameergupta/.m2/repository/io/prometheus/prometheus-metrics-config/1.2.1/prometheus-metrics-config-1.2.1.jar:/Users/sameergupta/.m2/repository/io/prometheus/prometheus-metrics-tracer-common/1.2.1/prometheus-metrics-tracer-common-1.2.1.jar:/Users/sameergupta/.m2/repository/io/prometheus/prometheus-metrics-exposition-formats/1.2.1/prometheus-metrics-exposition-formats-1.2.1.jar:/Users/sameergupta/.m2/repository/io/prometheus/prometheus-metrics-shaded-protobuf/1.2.1/prometheus-metrics-shaded-protobuf-1.2.1.jar:/Users/sameergupta/.m2/repository/org/springframework/boot/spring-boot-starter-test/3.3.4/spring-boot-starter-test-3.3.4.jar:/Users/sameergupta/.m2/repository/org/springframework/boot/spring-boot-test/3.3.4/spring-boot-test-3.3.4.jar:/Users/sameergupta/.m2/repository/org/springframework/boot/spring-boot-test-autoconfigure/3.3.4/spring-boot-test-autoconfigure-3.3.4.jar:/Users/sameergupta/.m2/repository/com/jayway/jsonpath/json-path/2.9.0/json-path-2.9.0.jar:/Users/sameergupta/.m2/repository/jakarta/xml/bind/jakarta.xml.bind-api/4.0.2/jakarta.xml.bind-api-4.0.2.jar:/Users/sameergupta/.m2/repository/jakarta/activation/jakarta.activation-api/2.1.3/jakarta.activation-api-2.1.3.jar:/Users/sameergupta/.m2/repository/net/minidev/json-smart/2.5.1/json-smart-2.5.1.jar:/Users/sameergupta/.m2/repository/net/minidev/accessors-smart/2.5.1/accessors-smart-2.5.1.jar:/Users/sameergupta/.m2/repository/org/ow2/asm/asm/9.6/asm-9.6.jar:/Users/sameergupta/.m2/repository/org/assertj/assertj-core/3.25.3/assertj-core-3.25.3.jar:/Users/sameergupta/.m2/repository/org/hamcrest/hamcrest/2.2/hamcrest-2.2.jar:/Users/sameergupta/.m2/repository/org/junit/jupiter/junit-jupiter/5.10.3/junit-jupiter-5.10.3.jar:/Users/sameergupta/.m2/repository/org/junit/jupiter/junit-jupiter-params/5.10.3/junit-jupiter-params-5.10.3.jar:/Users/sameergupta/.m2/repository/org/junit/jupiter/junit-jupiter-engine/5.10.3/junit-jupiter-engine-5.10.3.jar:/Users/sameergupta/.m2/repository/org/mockito/mockito-core/5.11.0/mockito-core-5.11.0.jar:/Users/sameergupta/.m2/repository/net/bytebuddy/byte-buddy-agent/1.14.19/byte-buddy-agent-1.14.19.jar:/Users/sameergupta/.m2/repository/org/objenesis/objenesis/3.3/objenesis-3.3.jar:/Users/sameergupta/.m2/repository/org/mockito/mockito-junit-jupiter/5.11.0/mockito-junit-jupiter-5.11.0.jar:/Users/sameergupta/.m2/repository/org/skyscreamer/jsonassert/1.5.3/jsonassert-1.5.3.jar:/Users/sameergupta/.m2/repository/com/vaadin/external/google/android-json/0.0.20131108.vaadin1/android-json-0.0.20131108.vaadin1.jar:/Users/sameergupta/.m2/repository/org/springframework/spring-test/6.1.13/spring-test-6.1.13.jar:/Users/sameergupta/.m2/repository/org/xmlunit/xmlunit-core/2.9.1/xmlunit-core-2.9.1.jar:/Users/sameergupta/.m2/repository/org/springframework/kafka/spring-kafka-test/3.2.4/spring-kafka-test-3.2.4.jar:/Users/sameergupta/.m2/repository/org/apache/zookeeper/zookeeper/3.8.4/zookeeper-3.8.4.jar:/Users/sameergupta/.m2/repository/org/apache/zookeeper/zookeeper-jute/3.8.4/zookeeper-jute-3.8.4.jar:/Users/sameergupta/.m2/repository/org/apache/yetus/audience-annotations/0.12.0/audience-annotations-0.12.0.jar:/Users/sameergupta/.m2/repository/io/netty/netty-handler/4.1.113.Final/netty-handler-4.1.113.Final.jar:/Users/sameergupta/.m2/repository/io/netty/netty-common/4.1.113.Final/netty-common-4.1.113.Final.jar:/Users/sameergupta/.m2/repository/io/netty/netty-resolver/4.1.113.Final/netty-resolver-4.1.113.Final.jar:/Users/sameergupta/.m2/repository/io/netty/netty-buffer/4.1.113.Final/netty-buffer-4.1.113.Final.jar:/Users/sameergupta/.m2/repository/io/netty/netty-transport/4.1.113.Final/netty-transport-4.1.113.Final.jar:/Users/sameergupta/.m2/repository/io/netty/netty-transport-native-unix-common/4.1.113.Final/netty-transport-native-unix-common-4.1.113.Final.jar:/Users/sameergupta/.m2/repository/io/netty/netty-codec/4.1.113.Final/netty-codec-4.1.113.Final.jar:/Users/sameergupta/.m2/repository/io/netty/netty-transport-native-epoll/4.1.113.Final/netty-transport-native-epoll-4.1.113.Final.jar:/Users/sameergupta/.m2/repository/io/netty/netty-transport-classes-epoll/4.1.113.Final/netty-transport-classes-epoll-4.1.113.Final.jar:/Users/sameergupta/.m2/repository/ch/qos/logback/logback-core/1.5.8/logback-core-1.5.8.jar:/Users/sameergupta/.m2/repository/commons-io/commons-io/2.11.0/commons-io-2.11.0.jar:/Users/sameergupta/.m2/repository/org/apache/kafka/kafka-clients/3.7.1/kafka-clients-3.7.1-test.jar:/Users/sameergupta/.m2/repository/org/apache/kafka/kafka-metadata/3.7.1/kafka-metadata-3.7.1.jar:/Users/sameergupta/.m2/repository/org/apache/kafka/kafka-raft/3.7.1/kafka-raft-3.7.1.jar:/Users/sameergupta/.m2/repository/com/yammer/metrics/metrics-core/2.2.0/metrics-core-2.2.0.jar:/Users/sameergupta/.m2/repository/org/apache/kafka/kafka-server-common/3.7.1/kafka-server-common-3.7.1.jar:/Users/sameergupta/.m2/repository/net/sf/jopt-simple/jopt-simple/5.0.4/jopt-simple-5.0.4.jar:/Users/sameergupta/.m2/repository/org/pcollections/pcollections/4.0.1/pcollections-4.0.1.jar:/Users/sameergupta/.m2/repository/org/apache/kafka/kafka-server-common/3.7.1/kafka-server-common-3.7.1-test.jar:/Users/sameergupta/.m2/repository/org/apache/kafka/kafka-streams-test-utils/3.7.1/kafka-streams-test-utils-3.7.1.jar:/Users/sameergupta/.m2/repository/org/apache/kafka/kafka-streams/3.7.1/kafka-streams-3.7.1.jar:/Users/sameergupta/.m2/repository/org/rocksdb/rocksdbjni/7.9.2/rocksdbjni-7.9.2.jar:/Users/sameergupta/.m2/repository/org/apache/kafka/kafka_2.13/3.7.1/kafka_2.13-3.7.1.jar:/Users/sameergupta/.m2/repository/org/scala-lang/scala-library/2.13.12/scala-library-2.13.12.jar:/Users/sameergupta/.m2/repository/org/apache/kafka/kafka-group-coordinator/3.7.1/kafka-group-coordinator-3.7.1.jar:/Users/sameergupta/.m2/repository/org/apache/kafka/kafka-storage-api/3.7.1/kafka-storage-api-3.7.1.jar:/Users/sameergupta/.m2/repository/org/apache/kafka/kafka-tools-api/3.7.1/kafka-tools-api-3.7.1.jar:/Users/sameergupta/.m2/repository/org/apache/kafka/kafka-storage/3.7.1/kafka-storage-3.7.1.jar:/Users/sameergupta/.m2/repository/com/github/ben-manes/caffeine/caffeine/3.1.8/caffeine-3.1.8.jar:/Users/sameergupta/.m2/repository/com/google/errorprone/error_prone_annotations/2.21.1/error_prone_annotations-2.21.1.jar:/Users/sameergupta/.m2/repository/org/apache/kafka/kafka-server/3.7.1/kafka-server-3.7.1.jar:/Users/sameergupta/.m2/repository/net/sourceforge/argparse4j/argparse4j/0.7.0/argparse4j-0.7.0.jar:/Users/sameergupta/.m2/repository/commons-validator/commons-validator/1.7/commons-validator-1.7.jar:/Users/sameergupta/.m2/repository/commons-beanutils/commons-beanutils/1.9.4/commons-beanutils-1.9.4.jar:/Users/sameergupta/.m2/repository/commons-digester/commons-digester/2.1/commons-digester-2.1.jar:/Users/sameergupta/.m2/repository/commons-collections/commons-collections/3.2.2/commons-collections-3.2.2.jar:/Users/sameergupta/.m2/repository/com/fasterxml/jackson/module/jackson-module-scala_2.13/2.17.2/jackson-module-scala_2.13-2.17.2.jar:/Users/sameergupta/.m2/repository/com/thoughtworks/paranamer/paranamer/2.8/paranamer-2.8.jar:/Users/sameergupta/.m2/repository/com/fasterxml/jackson/dataformat/jackson-dataformat-csv/2.17.2/jackson-dataformat-csv-2.17.2.jar:/Users/sameergupta/.m2/repository/org/bitbucket/b_c/jose4j/0.9.4/jose4j-0.9.4.jar:/Users/sameergupta/.m2/repository/org/scala-lang/modules/scala-collection-compat_2.13/2.10.0/scala-collection-compat_2.13-2.10.0.jar:/Users/sameergupta/.m2/repository/org/scala-lang/modules/scala-java8-compat_2.13/1.0.2/scala-java8-compat_2.13-1.0.2.jar:/Users/sameergupta/.m2/repository/org/scala-lang/scala-reflect/2.13.12/scala-reflect-2.13.12.jar:/Users/sameergupta/.m2/repository/com/typesafe/scala-logging/scala-logging_2.13/3.9.4/scala-logging_2.13-3.9.4.jar:/Users/sameergupta/.m2/repository/io/dropwizard/metrics/metrics-core/4.1.12.1/metrics-core-4.1.12.1.jar:/Users/sameergupta/.m2/repository/commons-cli/commons-cli/1.4/commons-cli-1.4.jar:/Users/sameergupta/.m2/repository/org/apache/kafka/kafka_2.13/3.7.1/kafka_2.13-3.7.1-test.jar:/Users/sameergupta/.m2/repository/org/junit/jupiter/junit-jupiter-api/5.10.3/junit-jupiter-api-5.10.3.jar:/Users/sameergupta/.m2/repository/org/opentest4j/opentest4j/1.3.0/opentest4j-1.3.0.jar:/Users/sameergupta/.m2/repository/org/junit/platform/junit-platform-commons/1.10.3/junit-platform-commons-1.10.3.jar:/Users/sameergupta/.m2/repository/org/apiguardian/apiguardian-api/1.1.2/apiguardian-api-1.1.2.jar:/Users/sameergupta/.m2/repository/org/junit/platform/junit-platform-launcher/1.10.3/junit-platform-launcher-1.10.3.jar:/Users/sameergupta/.m2/repository/org/junit/platform/junit-platform-engine/1.10.3/junit-platform-engine-1.10.3.jar:/Users/sameergupta/.m2/repository/com/h2database/h2/2.2.224/h2-2.2.224.jar:/Users/sameergupta/.m2/repository/org/awaitility/awaitility/4.2.2/awaitility-4.2.2.jar:"}
{"ts":"2026-04-23T00:47:32.096+05:30","level":"INFO","logger":"org.apache.zookeeper.ZooKeeper","corr":"","msg":"Client environment:java.library.path=/Users/sameergupta/Library/Java/Extensions:/Library/Java/Extensions:/Network/Library/Java/Extensions:/System/Library/Java/Extensions:/usr/lib/java:."}
{"ts":"2026-04-23T00:47:32.096+05:30","level":"INFO","logger":"org.apache.zookeeper.ZooKeeper","corr":"","msg":"Client environment:java.io.tmpdir=/var/folders/jz/9twvfnws5_j45y3_t3rbcfd80000gn/T/"}
{"ts":"2026-04-23T00:47:32.096+05:30","level":"INFO","logger":"org.apache.zookeeper.ZooKeeper","corr":"","msg":"Client environment:java.compiler=<NA>"}
{"ts":"2026-04-23T00:47:32.097+05:30","level":"INFO","logger":"org.apache.zookeeper.ZooKeeper","corr":"","msg":"Client environment:os.name=Mac OS X"}
{"ts":"2026-04-23T00:47:32.097+05:30","level":"INFO","logger":"org.apache.zookeeper.ZooKeeper","corr":"","msg":"Client environment:os.arch=aarch64"}
{"ts":"2026-04-23T00:47:32.097+05:30","level":"INFO","logger":"org.apache.zookeeper.ZooKeeper","corr":"","msg":"Client environment:os.version=15.5"}
{"ts":"2026-04-23T00:47:32.097+05:30","level":"INFO","logger":"org.apache.zookeeper.ZooKeeper","corr":"","msg":"Client environment:user.name=sameergupta"}
{"ts":"2026-04-23T00:47:32.097+05:30","level":"INFO","logger":"org.apache.zookeeper.ZooKeeper","corr":"","msg":"Client environment:user.home=/Users/sameergupta"}
{"ts":"2026-04-23T00:47:32.097+05:30","level":"INFO","logger":"org.apache.zookeeper.ZooKeeper","corr":"","msg":"Client environment:user.dir=/Users/sameergupta/Documents/GitHub/Chronous Project/scheduler-service"}
{"ts":"2026-04-23T00:47:32.097+05:30","level":"INFO","logger":"org.apache.zookeeper.ZooKeeper","corr":"","msg":"Client environment:os.memory.free=52MB"}
{"ts":"2026-04-23T00:47:32.097+05:30","level":"INFO","logger":"org.apache.zookeeper.ZooKeeper","corr":"","msg":"Client environment:os.memory.max=2048MB"}
{"ts":"2026-04-23T00:47:32.097+05:30","level":"INFO","logger":"org.apache.zookeeper.ZooKeeper","corr":"","msg":"Client environment:os.memory.total=74MB"}
{"ts":"2026-04-23T00:47:32.098+05:30","level":"INFO","logger":"org.apache.zookeeper.ZooKeeper","corr":"","msg":"Initiating client connection, connectString=127.0.0.1:58368 sessionTimeout=18000 watcher=kafka.zookeeper.ZooKeeperClient$ZooKeeperClientWatcher$@36327cec"}
{"ts":"2026-04-23T00:47:32.099+05:30","level":"INFO","logger":"o.apache.zookeeper.ClientCnxnSocket","corr":"","msg":"jute.maxbuffer value is 4194304 Bytes"}
{"ts":"2026-04-23T00:47:32.101+05:30","level":"INFO","logger":"org.apache.zookeeper.ClientCnxn","corr":"","msg":"zookeeper.request.timeout value is 0. feature enabled=false"}
{"ts":"2026-04-23T00:47:32.101+05:30","level":"INFO","logger":"org.apache.zookeeper.ClientCnxn","corr":"","msg":"Opening socket connection to server /127.0.0.1:58368."}
{"ts":"2026-04-23T00:47:32.102+05:30","level":"INFO","logger":"kafka.zookeeper.ZooKeeperClient","corr":"","msg":"[ZooKeeperClient Kafka server] Waiting until connected."}
{"ts":"2026-04-23T00:47:32.103+05:30","level":"INFO","logger":"org.apache.zookeeper.ClientCnxn","corr":"","msg":"Socket connection established, initiating session, client: /127.0.0.1:58369, server: /127.0.0.1:58368"}
{"ts":"2026-04-23T00:47:32.108+05:30","level":"INFO","logger":"o.a.z.server.persistence.FileTxnLog","corr":"","msg":"Creating new log file: log.1"}
{"ts":"2026-04-23T00:47:32.110+05:30","level":"INFO","logger":"o.a.zookeeper.audit.ZKAuditProvider","corr":"","msg":"ZooKeeper audit is disabled."}
{"ts":"2026-04-23T00:47:32.112+05:30","level":"INFO","logger":"org.apache.zookeeper.ClientCnxn","corr":"","msg":"Session establishment complete on server /127.0.0.1:58368, session id = 0x1000ca775d20000, negotiated timeout = 16000"}
{"ts":"2026-04-23T00:47:32.113+05:30","level":"INFO","logger":"kafka.zookeeper.ZooKeeperClient","corr":"","msg":"[ZooKeeperClient Kafka server] Connected."}
{"ts":"2026-04-23T00:47:32.162+05:30","level":"INFO","logger":"kafka.server.KafkaServer","corr":"","msg":"Cluster ID = y1QBSacPQ4WqJMeKPtKvgw"}
{"ts":"2026-04-23T00:47:32.179+05:30","level":"INFO","logger":"kafka.server.KafkaConfig","corr":"","msg":"KafkaConfig values: 
	advertised.listeners = null
	alter.config.policy.class.name = null
	alter.log.dirs.replication.quota.window.num = 11
	alter.log.dirs.replication.quota.window.size.seconds = 1
	authorizer.class.name = 
	auto.create.topics.enable = true
	auto.include.jmx.reporter = true
	auto.leader.rebalance.enable = true
	background.threads = 2
	broker.heartbeat.interval.ms = 2000
	broker.id = 0
	broker.id.generation.enable = true
	broker.rack = null
	broker.session.timeout.ms = 9000
	client.quota.callback.class = null
	compression.type = producer
	connection.failed.authentication.delay.ms = 100
	connections.max.idle.ms = 600000
	connections.max.reauth.ms = 0
	control.plane.listener.name = null
	controlled.shutdown.enable = false
	controlled.shutdown.max.retries = 3
	controlled.shutdown.retry.backoff.ms = 100
	controller.listener.names = null
	controller.quorum.append.linger.ms = 25
	controller.quorum.election.backoff.max.ms = 1000
	controller.quorum.election.timeout.ms = 1000
	controller.quorum.fetch.timeout.ms = 2000
	controller.quorum.request.timeout.ms = 2000
	controller.quorum.retry.backoff.ms = 20
	controller.quorum.voters = []
	controller.quota.window.num = 11
	controller.quota.window.size.seconds = 1
	controller.socket.timeout.ms = 1000
	create.topic.policy.class.name = null
	default.replication.factor = 1
	delegation.token.expiry.check.interval.ms = 3600000
	delegation.token.expiry.time.ms = 86400000
	delegation.token.master.key = null
	delegation.token.max.lifetime.ms = 604800000
	delegation.token.secret.key = null
	delete.records.purgatory.purge.interval.requests = 1
	delete.topic.enable = true
	early.start.listeners = null
	eligible.leader.replicas.enable = false
	fetch.max.bytes = 57671680
	fetch.purgatory.purge.interval.requests = 1000
	group.consumer.assignors = [org.apache.kafka.coordinator.group.assignor.UniformAssignor, org.apache.kafka.coordinator.group.assignor.RangeAssignor]
	group.consumer.heartbeat.interval.ms = 5000
	group.consumer.max.heartbeat.interval.ms = 15000
	group.consumer.max.session.timeout.ms = 60000
	group.consumer.max.size = 2147483647
	group.consumer.min.heartbeat.interval.ms = 5000
	group.consumer.min.session.timeout.ms = 45000
	group.consumer.session.timeout.ms = 45000
	group.coordinator.new.enable = false
	group.coordinator.rebalance.protocols = [classic]
	group.coordinator.threads = 1
	group.initial.rebalance.delay.ms = 0
	group.max.session.timeout.ms = 1800000
	group.max.size = 2147483647
	group.min.session.timeout.ms = 6000
	initial.broker.registration.timeout.ms = 60000
	inter.broker.listener.name = null
	inter.broker.protocol.version = 3.7-IV4
	kafka.metrics.polling.interval.secs = 10
	kafka.metrics.reporters = []
	leader.imbalance.check.interval.seconds = 300
	leader.imbalance.per.broker.percentage = 10
	listener.security.protocol.map = PLAINTEXT:PLAINTEXT,SSL:SSL,SASL_PLAINTEXT:SASL_PLAINTEXT,SASL_SSL:SASL_SSL
	listeners = PLAINTEXT://localhost:0
	log.cleaner.backoff.ms = 15000
	log.cleaner.dedupe.buffer.size = 2097152
	log.cleaner.delete.retention.ms = 86400000
	log.cleaner.enable = true
	log.cleaner.io.buffer.load.factor = 0.9
	log.cleaner.io.buffer.size = 524288
	log.cleaner.io.max.bytes.per.second = 1.7976931348623157E308
	log.cleaner.max.compaction.lag.ms = 9223372036854775807
	log.cleaner.min.cleanable.ratio = 0.5
	log.cleaner.min.compaction.lag.ms = 0
	log.cleaner.threads = 1
	log.cleanup.policy = [delete]
	log.dir = /var/folders/jz/9twvfnws5_j45y3_t3rbcfd80000gn/T/spring.kafka.151b41ec-69bb-4c9b-9b33-5ad7fe70e74c5399476794776968132
	log.dirs = null
	log.flush.interval.messages = 9223372036854775807
	log.flush.interval.ms = null
	log.flush.offset.checkpoint.interval.ms = 60000
	log.flush.scheduler.interval.ms = 9223372036854775807
	log.flush.start.offset.checkpoint.interval.ms = 60000
	log.index.interval.bytes = 4096
	log.index.size.max.bytes = 10485760
	log.local.retention.bytes = -2
	log.local.retention.ms = -2
	log.message.downconversion.enable = true
	log.message.format.version = 3.0-IV1
	log.message.timestamp.after.max.ms = 9223372036854775807
	log.message.timestamp.before.max.ms = 9223372036854775807
	log.message.timestamp.difference.max.ms = 9223372036854775807
	log.message.timestamp.type = CreateTime
	log.preallocate = false
	log.retention.bytes = -1
	log.retention.check.interval.ms = 300000
	log.retention.hours = 168
	log.retention.minutes = null
	log.retention.ms = null
	log.roll.hours = 168
	log.roll.jitter.hours = 0
	log.roll.jitter.ms = null
	log.roll.ms = null
	log.segment.bytes = 1073741824
	log.segment.delete.delay.ms = 1000
	max.connection.creation.rate = 2147483647
	max.connections = 2147483647
	max.connections.per.ip = 2147483647
	max.connections.per.ip.overrides = 
	max.incremental.fetch.session.cache.slots = 1000
	message.max.bytes = 1048588
	metadata.log.dir = null
	metadata.log.max.record.bytes.between.snapshots = 20971520
	metadata.log.max.snapshot.interval.ms = 3600000
	metadata.log.segment.bytes = 1073741824
	metadata.log.segment.min.bytes = 8388608
	metadata.log.segment.ms = 604800000
	metadata.max.idle.interval.ms = 500
	metadata.max.retention.bytes = 104857600
	metadata.max.retention.ms = 604800000
	metric.reporters = []
	metrics.num.samples = 2
	metrics.recording.level = INFO
	metrics.sample.window.ms = 30000
	min.insync.replicas = 1
	node.id = 0
	num.io.threads = 8
	num.network.threads = 2
	num.partitions = 1
	num.recovery.threads.per.data.dir = 1
	num.replica.alter.log.dirs.threads = null
	num.replica.fetchers = 1
	offset.metadata.max.bytes = 4096
	offsets.commit.required.acks = -1
	offsets.commit.timeout.ms = 5000
	offsets.load.buffer.size = 5242880
	offsets.retention.check.interval.ms = 600000
	offsets.retention.minutes = 10080
	offsets.topic.compression.codec = 0
	offsets.topic.num.partitions = 5
	offsets.topic.replication.factor = 1
	offsets.topic.segment.bytes = 104857600
	password.encoder.cipher.algorithm = AES/CBC/PKCS5Padding
	password.encoder.iterations = 4096
	password.encoder.key.length = 128
	password.encoder.keyfactory.algorithm = null
	password.encoder.old.secret = null
	password.encoder.secret = null
	principal.builder.class = class org.apache.kafka.common.security.authenticator.DefaultKafkaPrincipalBuilder
	process.roles = []
	producer.id.expiration.check.interval.ms = 600000
	producer.id.expiration.ms = 86400000
	producer.purgatory.purge.interval.requests = 1000
	queued.max.request.bytes = -1
	queued.max.requests = 500
	quota.window.num = 11
	quota.window.size.seconds = 1
	remote.log.index.file.cache.total.size.bytes = 1073741824
	remote.log.manager.task.interval.ms = 30000
	remote.log.manager.task.retry.backoff.max.ms = 30000
	remote.log.manager.task.retry.backoff.ms = 500
	remote.log.manager.task.retry.jitter = 0.2
	remote.log.manager.thread.pool.size = 10
	remote.log.metadata.custom.metadata.max.bytes = 128
	remote.log.metadata.manager.class.name = org.apache.kafka.server.log.remote.metadata.storage.TopicBasedRemoteLogMetadataManager
	remote.log.metadata.manager.class.path = null
	remote.log.metadata.manager.impl.prefix = rlmm.config.
	remote.log.metadata.manager.listener.name = null
	remote.log.reader.max.pending.tasks = 100
	remote.log.reader.threads = 10
	remote.log.storage.manager.class.name = null
	remote.log.storage.manager.class.path = null
	remote.log.storage.manager.impl.prefix = rsm.config.
	remote.log.storage.system.enable = false
	replica.fetch.backoff.ms = 1000
	replica.fetch.max.bytes = 1048576
	replica.fetch.min.bytes = 1
	replica.fetch.response.max.bytes = 10485760
	replica.fetch.wait.max.ms = 500
	replica.high.watermark.checkpoint.interval.ms = 9223372036854775807
	replica.lag.time.max.ms = 30000
	replica.selector.class = null
	replica.socket.receive.buffer.bytes = 65536
	replica.socket.timeout.ms = 1000
	replication.quota.window.num = 11
	replication.quota.window.size.seconds = 1
	request.timeout.ms = 30000
	reserved.broker.max.id = 1000
	sasl.client.callback.handler.class = null
	sasl.enabled.mechanisms = [GSSAPI]
	sasl.jaas.config = null
	sasl.kerberos.kinit.cmd = /usr/bin/kinit
	sasl.kerberos.min.time.before.relogin = 60000
	sasl.kerberos.principal.to.local.rules = [DEFAULT]
	sasl.kerberos.service.name = null
	sasl.kerberos.ticket.renew.jitter = 0.05
	sasl.kerberos.ticket.renew.window.factor = 0.8
	sasl.login.callback.handler.class = null
	sasl.login.class = null
	sasl.login.connect.timeout.ms = null
	sasl.login.read.timeout.ms = null
	sasl.login.refresh.buffer.seconds = 300
	sasl.login.refresh.min.period.seconds = 60
	sasl.login.refresh.window.factor = 0.8
	sasl.login.refresh.window.jitter = 0.05
	sasl.login.retry.backoff.max.ms = 10000
	sasl.login.retry.backoff.ms = 100
	sasl.mechanism.controller.protocol = GSSAPI
	sasl.mechanism.inter.broker.protocol = GSSAPI
	sasl.oauthbearer.clock.skew.seconds = 30
	sasl.oauthbearer.expected.audience = null
	sasl.oauthbearer.expected.issuer = null
	sasl.oauthbearer.jwks.endpoint.refresh.ms = 3600000
	sasl.oauthbearer.jwks.endpoint.retry.backoff.max.ms = 10000
	sasl.oauthbearer.jwks.endpoint.retry.backoff.ms = 100
	sasl.oauthbearer.jwks.endpoint.url = null
	sasl.oauthbearer.scope.claim.name = scope
	sasl.oauthbearer.sub.claim.name = sub
	sasl.oauthbearer.token.endpoint.url = null
	sasl.server.callback.handler.class = null
	sasl.server.max.receive.size = 524288
	security.inter.broker.protocol = PLAINTEXT
	security.providers = null
	server.max.startup.time.ms = 9223372036854775807
	socket.connection.setup.timeout.max.ms = 30000
	socket.connection.setup.timeout.ms = 10000
	socket.listen.backlog.size = 50
	socket.receive.buffer.bytes = 102400
	socket.request.max.bytes = 104857600
	socket.send.buffer.bytes = 102400
	ssl.allow.dn.changes = false
	ssl.allow.san.changes = false
	ssl.cipher.suites = []
	ssl.client.auth = none
	ssl.enabled.protocols = [TLSv1.2, TLSv1.3]
	ssl.endpoint.identification.algorithm = https
	ssl.engine.factory.class = null
	ssl.key.password = null
	ssl.keymanager.algorithm = SunX509
	ssl.keystore.certificate.chain = null
	ssl.keystore.key = null
	ssl.keystore.location = null
	ssl.keystore.password = null
	ssl.keystore.type = JKS
	ssl.principal.mapping.rules = DEFAULT
	ssl.protocol = TLSv1.3
	ssl.provider = null
	ssl.secure.random.implementation = null
	ssl.trustmanager.algorithm = PKIX
	ssl.truststore.certificates = null
	ssl.truststore.location = null
	ssl.truststore.password = null
	ssl.truststore.type = JKS
	telemetry.max.bytes = 1048576
	transaction.abort.timed.out.transaction.cleanup.interval.ms = 10000
	transaction.max.timeout.ms = 900000
	transaction.partition.verification.enable = true
	transaction.remove.expired.transaction.cleanup.interval.ms = 3600000
	transaction.state.log.load.buffer.size = 5242880
	transaction.state.log.min.isr = 2
	transaction.state.log.num.partitions = 50
	transaction.state.log.replication.factor = 3
	transaction.state.log.segment.bytes = 104857600
	transactional.id.expiration.ms = 604800000
	unclean.leader.election.enable = false
	unstable.api.versions.enable = false
	unstable.metadata.versions.enable = true
	zookeeper.clientCnxnSocket = null
	zookeeper.connect = 127.0.0.1:58368
	zookeeper.connection.timeout.ms = 10000
	zookeeper.max.in.flight.requests = 10
	zookeeper.metadata.migration.enable = false
	zookeeper.metadata.migration.min.batch.size = 200
	zookeeper.session.timeout.ms = 18000
	zookeeper.set.acl = false
	zookeeper.ssl.cipher.suites = null
	zookeeper.ssl.client.enable = false
	zookeeper.ssl.crl.enable = false
	zookeeper.ssl.enabled.protocols = null
	zookeeper.ssl.endpoint.identification.algorithm = HTTPS
	zookeeper.ssl.keystore.location = null
	zookeeper.ssl.keystore.password = null
	zookeeper.ssl.keystore.type = null
	zookeeper.ssl.ocsp.enable = false
	zookeeper.ssl.protocol = TLSv1.2
	zookeeper.ssl.truststore.location = null
[...]
{"ts":"2026-04-23T00:47:35.824+05:30","level":"INFO","logger":"o.a.k.c.c.i.SubscriptionState","corr":"","msg":"[Consumer clientId=consumer-scheduler.job-lifecycle-1, groupId=scheduler.job-lifecycle] Resetting offset for partition chronos.jobs.cancelled.v1-0 to position FetchPosition{offset=0, offsetEpoch=Optional.empty, currentLeader=LeaderAndEpoch{leader=Optional[localhost:58370 (id: 0 rack: null)], epoch=0}}."}
{"ts":"2026-04-23T00:47:35.825+05:30","level":"INFO","logger":"o.s.k.l.KafkaMessageListenerContainer","corr":"","msg":"scheduler.job-lifecycle: partitions assigned: [chronos.jobs.cancelled.v1-0, chronos.jobs.created.v1-0, chronos.jobs.rescheduled.v1-0]"}
{"ts":"2026-04-23T00:47:35.987+05:30","level":"INFO","logger":"o.a.k.c.producer.ProducerConfig","corr":"","msg":"ProducerConfig values: 
	acks = -1
	auto.include.jmx.reporter = true
	batch.size = 16384
	bootstrap.servers = [127.0.0.1:58370]
	buffer.memory = 33554432
	client.dns.lookup = use_all_dns_ips
	client.id = producer-1
	compression.type = none
	connections.max.idle.ms = 540000
	delivery.timeout.ms = 120000
	enable.idempotence = true
	enable.metrics.push = true
	interceptor.classes = []
	key.serializer = class org.apache.kafka.common.serialization.StringSerializer
	linger.ms = 0
	max.block.ms = 60000
	max.in.flight.requests.per.connection = 5
	max.request.size = 1048576
	metadata.max.age.ms = 300000
	metadata.max.idle.ms = 300000
	metric.reporters = []
	metrics.num.samples = 2
	metrics.recording.level = INFO
	metrics.sample.window.ms = 30000
	partitioner.adaptive.partitioning.enable = true
	partitioner.availability.timeout.ms = 0
	partitioner.class = null
	partitioner.ignore.keys = false
	receive.buffer.bytes = 32768
	reconnect.backoff.max.ms = 1000
	reconnect.backoff.ms = 50
	request.timeout.ms = 30000
	retries = 2147483647
	retry.backoff.max.ms = 1000
	retry.backoff.ms = 100
	sasl.client.callback.handler.class = null
	sasl.jaas.config = null
	sasl.kerberos.kinit.cmd = /usr/bin/kinit
	sasl.kerberos.min.time.before.relogin = 60000
	sasl.kerberos.service.name = null
	sasl.kerberos.ticket.renew.jitter = 0.05
	sasl.kerberos.ticket.renew.window.factor = 0.8
	sasl.login.callback.handler.class = null
	sasl.login.class = null
	sasl.login.connect.timeout.ms = null
	sasl.login.read.timeout.ms = null
	sasl.login.refresh.buffer.seconds = 300
	sasl.login.refresh.min.period.seconds = 60
	sasl.login.refresh.window.factor = 0.8
	sasl.login.refresh.window.jitter = 0.05
	sasl.login.retry.backoff.max.ms = 10000
	sasl.login.retry.backoff.ms = 100
	sasl.mechanism = GSSAPI
	sasl.oauthbearer.clock.skew.seconds = 30
	sasl.oauthbearer.expected.audience = null
	sasl.oauthbearer.expected.issuer = null
	sasl.oauthbearer.jwks.endpoint.refresh.ms = 3600000
	sasl.oauthbearer.jwks.endpoint.retry.backoff.max.ms = 10000
	sasl.oauthbearer.jwks.endpoint.retry.backoff.ms = 100
	sasl.oauthbearer.jwks.endpoint.url = null
	sasl.oauthbearer.scope.claim.name = scope
	sasl.oauthbearer.sub.claim.name = sub
	sasl.oauthbearer.token.endpoint.url = null
	security.protocol = PLAINTEXT
	security.providers = null
	send.buffer.bytes = 131072
	socket.connection.setup.timeout.max.ms = 30000
	socket.connection.setup.timeout.ms = 10000
	ssl.cipher.suites = null
	ssl.enabled.protocols = [TLSv1.2, TLSv1.3]
	ssl.endpoint.identification.algorithm = https
	ssl.engine.factory.class = null
	ssl.key.password = null
	ssl.keymanager.algorithm = SunX509
	ssl.keystore.certificate.chain = null
	ssl.keystore.key = null
	ssl.keystore.location = null
	ssl.keystore.password = null
	ssl.keystore.type = JKS
	ssl.protocol = TLSv1.3
	ssl.provider = null
	ssl.secure.random.implementation = null
	ssl.trustmanager.algorithm = PKIX
	ssl.truststore.certificates = null
	ssl.truststore.location = null
	ssl.truststore.password = null
	ssl.truststore.type = JKS
	transaction.timeout.ms = 60000
	transactional.id = null
	value.serializer = class org.apache.kafka.common.serialization.StringSerializer
"}
{"ts":"2026-04-23T00:47:35.988+05:30","level":"INFO","logger":"o.a.k.c.t.i.KafkaMetricsCollector","corr":"","msg":"initializing Kafka metrics collector"}
{"ts":"2026-04-23T00:47:35.991+05:30","level":"INFO","logger":"o.a.k.clients.producer.KafkaProducer","corr":"","msg":"[Producer clientId=producer-1] Instantiated an idempotent producer."}
{"ts":"2026-04-23T00:47:36.004+05:30","level":"INFO","logger":"o.a.kafka.common.utils.AppInfoParser","corr":"","msg":"Kafka version: 3.7.1"}
{"ts":"2026-04-23T00:47:36.004+05:30","level":"INFO","logger":"o.a.kafka.common.utils.AppInfoParser","corr":"","msg":"Kafka commitId: e2494e6ffb89f828"}
{"ts":"2026-04-23T00:47:36.004+05:30","level":"INFO","logger":"o.a.kafka.common.utils.AppInfoParser","corr":"","msg":"Kafka startTimeMs: 1776885456004"}
{"ts":"2026-04-23T00:47:36.007+05:30","level":"INFO","logger":"org.apache.kafka.clients.Metadata","corr":"","msg":"[Producer clientId=producer-1] Cluster ID: y1QBSacPQ4WqJMeKPtKvgw"}
{"ts":"2026-04-23T00:47:36.013+05:30","level":"INFO","logger":"kafka.controller.KafkaController","corr":"","msg":"[Controller id=0] Acquired new producerId block ProducerIdsBlock(assignedBrokerId=0, firstProducerId=0, size=1000) by writing to Zk with path version 1"}
{"ts":"2026-04-23T00:47:36.117+05:30","level":"INFO","logger":"o.a.k.c.p.i.TransactionManager","corr":"","msg":"[Producer clientId=producer-1] ProducerId set to 0 with epoch 0"}
{"ts":"2026-04-23T00:47:36.179+05:30","level":"INFO","logger":"c.a.c.s.c.JobLifecycleConsumer","corr":"","msg":"Scheduled job 67c2869c-bf6b-48a4-af20-2509401f6ef5 at 2026-04-22T19:17:34.978520Z"}
{"ts":"2026-04-23T00:47:36.284+05:30","level":"INFO","logger":"o.a.k.c.consumer.ConsumerConfig","corr":"","msg":"ConsumerConfig values: 
	allow.auto.create.topics = true
	auto.commit.interval.ms = 10
	auto.include.jmx.reporter = true
	auto.offset.reset = earliest
	bootstrap.servers = [127.0.0.1:58370]
	check.crcs = true
	client.dns.lookup = use_all_dns_ips
	client.id = consumer-scheduler-test-listener-2
	client.rack = 
	connections.max.idle.ms = 540000
	default.api.timeout.ms = 60000
	enable.auto.commit = true
	enable.metrics.push = true
	exclude.internal.topics = true
	fetch.max.bytes = 52428800
	fetch.max.wait.ms = 500
	fetch.min.bytes = 1
	group.id = scheduler-test-listener
	group.instance.id = null
	group.protocol = classic
	group.remote.assignor = null
	heartbeat.interval.ms = 3000
	interceptor.classes = []
	internal.leave.group.on.close = true
	internal.throw.on.fetch.stable.offset.unsupported = false
	isolation.level = read_uncommitted
	key.deserializer = class org.apache.kafka.common.serialization.StringDeserializer
	max.partition.fetch.bytes = 1048576
	max.poll.interval.ms = 300000
	max.poll.records = 500
	metadata.max.age.ms = 300000
	metric.reporters = []
	metrics.num.samples = 2
	metrics.recording.level = INFO
	metrics.sample.window.ms = 30000
	partition.assignment.strategy = [class org.apache.kafka.clients.consumer.RangeAssignor, class org.apache.kafka.clients.consumer.CooperativeStickyAssignor]
	receive.buffer.bytes = 65536
	reconnect.backoff.max.ms = 1000
	reconnect.backoff.ms = 50
	request.timeout.ms = 30000
	retry.backoff.max.ms = 1000
	retry.backoff.ms = 100
	sasl.client.callback.handler.class = null
	sasl.jaas.config = null
	sasl.kerberos.kinit.cmd = /usr/bin/kinit
	sasl.kerberos.min.time.before.relogin = 60000
	sasl.kerberos.service.name = null
	sasl.kerberos.ticket.renew.jitter = 0.05
	sasl.kerberos.ticket.renew.window.factor = 0.8
	sasl.login.callback.handler.class = null
	sasl.login.class = null
	sasl.login.connect.timeout.ms = null
	sasl.login.read.timeout.ms = null
	sasl.login.refresh.buffer.seconds = 300
	sasl.login.refresh.min.period.seconds = 60
	sasl.login.refresh.window.factor = 0.8
	sasl.login.refresh.window.jitter = 0.05
	sasl.login.retry.backoff.max.ms = 10000
	sasl.login.retry.backoff.ms = 100
	sasl.mechanism = GSSAPI
	sasl.oauthbearer.clock.skew.seconds = 30
	sasl.oauthbearer.expected.audience = null
	sasl.oauthbearer.expected.issuer = null
	sasl.oauthbearer.jwks.endpoint.refresh.ms = 3600000
	sasl.oauthbearer.jwks.endpoint.retry.backoff.max.ms = 10000
	sasl.oauthbearer.jwks.endpoint.retry.backoff.ms = 100
	sasl.oauthbearer.jwks.endpoint.url = null
	sasl.oauthbearer.scope.claim.name = scope
	sasl.oauthbearer.sub.claim.name = sub
	sasl.oauthbearer.token.endpoint.url = null
	security.protocol = PLAINTEXT
	security.providers = null
	send.buffer.bytes = 131072
	session.timeout.ms = 60000
	socket.connection.setup.timeout.max.ms = 30000
	socket.connection.setup.timeout.ms = 10000
	ssl.cipher.suites = null
	ssl.enabled.protocols = [TLSv1.2, TLSv1.3]
	ssl.endpoint.identification.algorithm = https
	ssl.engine.factory.class = null
	ssl.key.password = null
	ssl.keymanager.algorithm = SunX509
	ssl.keystore.certificate.chain = null
	ssl.keystore.key = null
	ssl.keystore.location = null
	ssl.keystore.password = null
	ssl.keystore.type = JKS
	ssl.protocol = TLSv1.3
	ssl.provider = null
	ssl.secure.random.implementation = null
	ssl.trustmanager.algorithm = PKIX
	ssl.truststore.certificates = null
	ssl.truststore.location = null
	ssl.truststore.password = null
	ssl.truststore.type = JKS
	value.deserializer = class org.apache.kafka.common.serialization.StringDeserializer
"}
{"ts":"2026-04-23T00:47:36.284+05:30","level":"INFO","logger":"o.a.k.c.t.i.KafkaMetricsCollector","corr":"","msg":"initializing Kafka metrics collector"}
{"ts":"2026-04-23T00:47:36.287+05:30","level":"INFO","logger":"o.a.kafka.common.utils.AppInfoParser","corr":"","msg":"Kafka version: 3.7.1"}
{"ts":"2026-04-23T00:47:36.287+05:30","level":"INFO","logger":"o.a.kafka.common.utils.AppInfoParser","corr":"","msg":"Kafka commitId: e2494e6ffb89f828"}
{"ts":"2026-04-23T00:47:36.287+05:30","level":"INFO","logger":"o.a.kafka.common.utils.AppInfoParser","corr":"","msg":"Kafka startTimeMs: 1776885456287"}
{"ts":"2026-04-23T00:47:36.287+05:30","level":"INFO","logger":"o.a.k.c.c.i.LegacyKafkaConsumer","corr":"","msg":"[Consumer clientId=consumer-scheduler-test-listener-2, groupId=scheduler-test-listener] Subscribed to topic(s): chronos.jobs.due.v1"}
{"ts":"2026-04-23T00:47:36.289+05:30","level":"INFO","logger":"org.apache.kafka.clients.Metadata","corr":"","msg":"[Consumer clientId=consumer-scheduler-test-listener-2, groupId=scheduler-test-listener] Cluster ID: y1QBSacPQ4WqJMeKPtKvgw"}
{"ts":"2026-04-23T00:47:36.289+05:30","level":"INFO","logger":"o.a.k.c.c.i.ConsumerCoordinator","corr":"","msg":"[Consumer clientId=consumer-scheduler-test-listener-2, groupId=scheduler-test-listener] Discovered group coordinator localhost:58370 (id: 2147483647 rack: null)"}
{"ts":"2026-04-23T00:47:36.291+05:30","level":"INFO","logger":"o.a.k.c.c.i.ConsumerCoordinator","corr":"","msg":"[Consumer clientId=consumer-scheduler-test-listener-2, groupId=scheduler-test-listener] (Re-)joining group"}
{"ts":"2026-04-23T00:47:36.292+05:30","level":"INFO","logger":"k.coordinator.group.GroupCoordinator","corr":"","msg":"[GroupCoordinator 0]: Dynamic member with unknown member id joins group scheduler-test-listener in Empty state. Created a new member id consumer-scheduler-test-listener-2-f52f37a2-44aa-4570-bc41-edf1117aeccc and request the member to rejoin with this id."}
{"ts":"2026-04-23T00:47:36.292+05:30","level":"INFO","logger":"o.a.k.c.c.i.ConsumerCoordinator","corr":"","msg":"[Consumer clientId=consumer-scheduler-test-listener-2, groupId=scheduler-test-listener] Request joining group due to: need to re-join with the given member-id: consumer-scheduler-test-listener-2-f52f37a2-44aa-4570-bc41-edf1117aeccc"}
{"ts":"2026-04-23T00:47:36.292+05:30","level":"INFO","logger":"o.a.k.c.c.i.ConsumerCoordinator","corr":"","msg":"[Consumer clientId=consumer-scheduler-test-listener-2, groupId=scheduler-test-listener] (Re-)joining group"}
{"ts":"2026-04-23T00:47:36.293+05:30","level":"INFO","logger":"k.coordinator.group.GroupCoordinator","corr":"","msg":"[GroupCoordinator 0]: Preparing to rebalance group scheduler-test-listener in state PreparingRebalance with old generation 0 (__consumer_offsets-2) (reason: Adding new member consumer-scheduler-test-listener-2-f52f37a2-44aa-4570-bc41-edf1117aeccc with group instance id None; client reason: need to re-join with the given member-id: consumer-scheduler-test-listener-2-f52f37a2-44aa-4570-bc41-edf1117aeccc)"}
{"ts":"2026-04-23T00:47:36.293+05:30","level":"INFO","logger":"k.coordinator.group.GroupCoordinator","corr":"","msg":"[GroupCoordinator 0]: Stabilized group scheduler-test-listener generation 1 (__consumer_offsets-2) with 1 members"}
{"ts":"2026-04-23T00:47:36.294+05:30","level":"INFO","logger":"o.a.k.c.c.i.ConsumerCoordinator","corr":"","msg":"[Consumer clientId=consumer-scheduler-test-listener-2, groupId=scheduler-test-listener] Successfully joined group with generation Generation{generationId=1, memberId='consumer-scheduler-test-listener-2-f52f37a2-44aa-4570-bc41-edf1117aeccc', protocol='range'}"}
{"ts":"2026-04-23T00:47:36.294+05:30","level":"INFO","logger":"o.a.k.c.c.i.ConsumerCoordinator","corr":"","msg":"[Consumer clientId=consumer-scheduler-test-listener-2, groupId=scheduler-test-listener] Finished assignment for group at generation 1: {consumer-scheduler-test-listener-2-f52f37a2-44aa-4570-bc41-edf1117aeccc=Assignment(partitions=[chronos.jobs.due.v1-0])}"}
{"ts":"2026-04-23T00:47:36.294+05:30","level":"INFO","logger":"k.coordinator.group.GroupCoordinator","corr":"","msg":"[GroupCoordinator 0]: Assignment received from leader consumer-scheduler-test-listener-2-f52f37a2-44aa-4570-bc41-edf1117aeccc for group scheduler-test-listener for generation 1. The group has 1 members, 0 of which are static."}
{"ts":"2026-04-23T00:47:36.295+05:30","level":"INFO","logger":"o.a.k.c.c.i.ConsumerCoordinator","corr":"","msg":"[Consumer clientId=consumer-scheduler-test-listener-2, groupId=scheduler-test-listener] Successfully synced group in generation Generation{generationId=1, memberId='consumer-scheduler-test-listener-2-f52f37a2-44aa-4570-bc41-edf1117aeccc', protocol='range'}"}
{"ts":"2026-04-23T00:47:36.295+05:30","level":"INFO","logger":"o.a.k.c.c.i.ConsumerCoordinator","corr":"","msg":"[Consumer clientId=consumer-scheduler-test-listener-2, groupId=scheduler-test-listener] Notifying assignor about the new Assignment(partitions=[chronos.jobs.due.v1-0])"}
{"ts":"2026-04-23T00:47:36.295+05:30","level":"INFO","logger":"o.a.k.c.c.i.ConsumerRebalanceListenerInvoker","corr":"","msg":"[Consumer clientId=consumer-scheduler-test-listener-2, groupId=scheduler-test-listener] Adding newly assigned partitions: chronos.jobs.due.v1-0"}
{"ts":"2026-04-23T00:47:36.296+05:30","level":"INFO","logger":"o.a.k.c.c.i.ConsumerCoordinator","corr":"","msg":"[Consumer clientId=consumer-scheduler-test-listener-2, groupId=scheduler-test-listener] Found no committed offset for partition chronos.jobs.due.v1-0"}
{"ts":"2026-04-23T00:47:36.298+05:30","level":"INFO","logger":"o.a.k.c.c.i.SubscriptionState","corr":"","msg":"[Consumer clientId=consumer-scheduler-test-listener-2, groupId=scheduler-test-listener] Resetting offset for partition chronos.jobs.due.v1-0 to position FetchPosition{offset=0, offsetEpoch=Optional.empty, currentLeader=LeaderAndEpoch{leader=Optional[localhost:58370 (id: 0 rack: null)], epoch=0}}."}
{"ts":"2026-04-23T00:47:36.346+05:30","level":"INFO","logger":"c.a.c.scheduler.scan.DueJobScanner","corr":"","msg":"Fired JobDue jobId=67c2869c-bf6b-48a4-af20-2509401f6ef5 nextRun=null"}
{"ts":"2026-04-23T00:47:36.409+05:30","level":"INFO","logger":"o.a.k.c.c.i.ConsumerRebalanceListenerInvoker","corr":"","msg":"[Consumer clientId=consumer-scheduler-test-listener-2, groupId=scheduler-test-listener] Revoke previously assigned partitions chronos.jobs.due.v1-0"}
{"ts":"2026-04-23T00:47:36.409+05:30","level":"INFO","logger":"o.a.k.c.c.i.ConsumerCoordinator","corr":"","msg":"[Consumer clientId=consumer-scheduler-test-listener-2, groupId=scheduler-test-listener] Member consumer-scheduler-test-listener-2-f52f37a2-44aa-4570-bc41-edf1117aeccc sending LeaveGroup request to coordinator localhost:58370 (id: 2147483647 rack: null) due to the consumer is being closed"}
{"ts":"2026-04-23T00:47:36.409+05:30","level":"INFO","logger":"o.a.k.c.c.i.ConsumerCoordinator","corr":"","msg":"[Consumer clientId=consumer-scheduler-test-listener-2, groupId=scheduler-test-listener] Resetting generation and member id due to: consumer pro-actively leaving the group"}
{"ts":"2026-04-23T00:47:36.409+05:30","level":"INFO","logger":"o.a.k.c.c.i.ConsumerCoordinator","corr":"","msg":"[Consumer clientId=consumer-scheduler-test-listener-2, groupId=scheduler-test-listener] Request joining group due to: consumer pro-actively leaving the group"}
{"ts":"2026-04-23T00:47:36.411+05:30","level":"INFO","logger":"k.coordinator.group.GroupCoordinator","corr":"","msg":"[GroupCoordinator 0]: Preparing to rebalance group scheduler-test-listener in state PreparingRebalance with old generation 1 (__consumer_offsets-2) (reason: Removing member consumer-scheduler-test-listener-2-f52f37a2-44aa-4570-bc41-edf1117aeccc on LeaveGroup; client reason: the consumer is being closed)"}
{"ts":"2026-04-23T00:47:36.411+05:30","level":"INFO","logger":"k.coordinator.group.GroupCoordinator","corr":"","msg":"[GroupCoordinator 0]: Group scheduler-test-listener with generation 2 is now empty (__consumer_offsets-2)"}
{"ts":"2026-04-23T00:47:36.412+05:30","level":"INFO","logger":"k.coordinator.group.GroupCoordinator","corr":"","msg":"[GroupCoordinator 0]: Member MemberMetadata(memberId=consumer-scheduler-test-listener-2-f52f37a2-44aa-4570-bc41-edf1117aeccc, groupInstanceId=None, clientId=consumer-scheduler-test-listener-2, clientHost=/127.0.0.1, sessionTimeoutMs=60000, rebalanceTimeoutMs=300000, supportedProtocols=List(range, cooperative-sticky)) has left group scheduler-test-listener through explicit `LeaveGroup`; client reason: the consumer is being closed"}
{"ts":"2026-04-23T00:47:36.856+05:30","level":"INFO","logger":"o.a.kafka.common.metrics.Metrics","corr":"","msg":"Metrics scheduler closed"}
{"ts":"2026-04-23T00:47:36.856+05:30","level":"INFO","logger":"o.a.kafka.common.metrics.Metrics","corr":"","msg":"Closing reporter org.apache.kafka.common.metrics.JmxReporter"}
{"ts":"2026-04-23T00:47:36.856+05:30","level":"INFO","logger":"o.a.kafka.common.metrics.Metrics","corr":"","msg":"Closing reporter org.apache.kafka.common.telemetry.internals.ClientTelemetryReporter"}
{"ts":"2026-04-23T00:47:36.857+05:30","level":"INFO","logger":"o.a.kafka.common.metrics.Metrics","corr":"","msg":"Metrics reporters closed"}
{"ts":"2026-04-23T00:47:36.868+05:30","level":"INFO","logger":"o.a.kafka.common.utils.AppInfoParser","corr":"","msg":"App info kafka.consumer for consumer-scheduler-test-listener-2 unregistered"}
]]></system-out>
    <system-err><![CDATA[Apr 23, 2026 12:47:31 AM org.junit.platform.launcher.core.LauncherConfigurationParameters loadClasspathResource
WARNING: Discovered 2 'junit-platform.properties' configuration files in the classpath; only the first will be used.
Apr 23, 2026 12:47:31 AM org.junit.platform.launcher.core.LauncherConfigurationParameters loadClasspathResource
WARNING: Discovered 2 'junit-platform.properties' configuration files in the classpath; only the first will be used.
Apr 23, 2026 12:47:31 AM org.junit.platform.launcher.core.LauncherConfigurationParameters loadClasspathResource
WARNING: Discovered 2 'junit-platform.properties' configuration files in the classpath; only the first will be used.
WARNING: A Java agent has been loaded dynamically (/Users/sameergupta/.m2/repository/net/bytebuddy/byte-buddy-agent/1.14.19/byte-buddy-agent-1.14.19.jar)
WARNING: If a serviceability tool is in use, please run with -XX:+EnableDynamicAgentLoading to hide this warning
WARNING: If a serviceability tool is not in use, please run with -Djdk.instrument.traceUsage for more information
WARNING: Dynamic loading of agents will be disallowed by default in a future release
]]></system-err>
  </testcase>
</testsuite>